#
# There is insufficient memory for the Java Runtime Environment to continue.
# Native memory allocation (malloc) failed to allocate 298432 bytes for Chunk::new
# Possible reasons:
#   The system is out of physical RAM or swap space
#   The process is running with CompressedOops enabled, and the Java Heap may be blocking the growth of the native heap
# Possible solutions:
#   Reduce memory load on the system
#   Increase physical memory or swap space
#   Check if swap backing store is full
#   Decrease Java heap size (-Xmx/-Xms)
#   Decrease number of Java threads
#   Decrease Java thread stack sizes (-Xss)
#   Set larger code cache with -XX:ReservedCodeCacheSize=
#   JVM is running with Unscaled Compressed Oops mode in which the Java heap is
#     placed in the first 4GB address space. The Java Heap base address is the
#     maximum limit for the native heap growth. Please use -XX:HeapBaseMinAddress
#     to set the Java Heap base and to place the Java Heap above 4GB virtual address.
# This output file may be truncated or incomplete.
#
#  Out of Memory Error (arena.cpp:197), pid=8668, tid=2636
#
# JRE version: OpenJDK Runtime Environment Corretto-11.0.20.9.1 (11.0.20.1+9) (build 11.0.20.1+9-LTS)
# Java VM: OpenJDK 64-Bit Server VM Corretto-11.0.20.9.1 (11.0.20.1+9-LTS, mixed mode, tiered, compressed oops, g1 gc, windows-amd64)
# No core dump will be written. Minidumps are not enabled by default on client versions of Windows
#

---------------  S U M M A R Y ------------

Command Line: -XX:TieredStopAtLevel=1 -Xverify:none -Dspring.output.ansi.enabled=always -Dcom.sun.management.jmxremote -Dspring.jmx.enabled=true -Dspring.liveBeansView.mbeanDomain -Dspring.application.admin.enabled=true -Dmanagement.endpoints.jmx.exposure.include=* -javaagent:C:\Program Files\JetBrains\IntelliJ IDEA 2023.2\lib\idea_rt.jar=56718:C:\Program Files\JetBrains\IntelliJ IDEA 2023.2\bin -Dfile.encoding=UTF-8 com.fa.training.SpringBootJpaSecurityApplication

Host: Intel(R) Core(TM) i3-3217U CPU @ 1.80GHz, 4 cores, 7G,  Windows 10 , 64 bit Build 19041 (10.0.19041.3393)
Time: Tue Sep 26 11:50:36 2023 SE Asia Standard Time elapsed time: 7.330420 seconds (0d 0h 0m 7s)

---------------  T H R E A D  ---------------

Current thread (0x000002659ad9d800):  JavaThread "restartedMain" [_thread_in_vm, id=2636, stack(0x000000a98fb00000,0x000000a98fc00000)]

Stack: [0x000000a98fb00000,0x000000a98fc00000]
Native frames: (J=compiled Java code, j=interpreted, Vv=VM code, C=native code)
V  [jvm.dll+0x62418a]
V  [jvm.dll+0x7b1d69]
V  [jvm.dll+0x7b3458]
V  [jvm.dll+0x7b3b33]
V  [jvm.dll+0x250148]
V  [jvm.dll+0xc264c]
V  [jvm.dll+0xc2c0c]
V  [jvm.dll+0x1d7f83]
V  [jvm.dll+0x1d6e73]
V  [jvm.dll+0x7496e3]
V  [jvm.dll+0x74ab61]
V  [jvm.dll+0x74ad93]
V  [jvm.dll+0x3f8b04]
V  [jvm.dll+0x4015f3]
C  [java.dll+0x13e9]

Java frames: (J=compiled Java code, j=interpreted, Vv=VM code)
J 1020  java.lang.Class.forName0(Ljava/lang/String;ZLjava/lang/ClassLoader;Ljava/lang/Class;)Ljava/lang/Class; java.base@11.0.20.1 (0 bytes) @ 0x0000026588e9a547 [0x0000026588e9a4c0+0x0000000000000087]
J 1023 c1 java.lang.Class.forName(Ljava/lang/String;ZLjava/lang/ClassLoader;)Ljava/lang/Class; java.base@11.0.20.1 (47 bytes) @ 0x0000026588e9f0d4 [0x0000026588e9efe0+0x00000000000000f4]
j  sun.nio.cs.StandardCharsets.lookup(Ljava/lang/String;)Ljava/nio/charset/Charset;+126 java.base@11.0.20.1
j  sun.nio.cs.StandardCharsets.charsetForName(Ljava/lang/String;)Ljava/nio/charset/Charset;+6 java.base@11.0.20.1
j  java.nio.charset.Charset.lookup2(Ljava/lang/String;)Ljava/nio/charset/Charset;+39 java.base@11.0.20.1
j  java.nio.charset.Charset.lookup(Ljava/lang/String;)Ljava/nio/charset/Charset;+40 java.base@11.0.20.1
j  java.nio.charset.Charset.forName(Ljava/lang/String;)Ljava/nio/charset/Charset;+1 java.base@11.0.20.1
j  com.mysql.cj.MysqlCharset.<init>(Ljava/lang/String;II[Ljava/lang/String;Lcom/mysql/cj/ServerVersion;)V+61
j  com.mysql.cj.CharsetMapping.<clinit>()V+247
v  ~StubRoutines::call_stub
j  com.mysql.cj.protocol.a.NativeProtocol.beforeHandshake()V+28
j  com.mysql.cj.protocol.a.NativeProtocol.connect(Ljava/lang/String;Ljava/lang/String;Ljava/lang/String;)V+1
j  com.mysql.cj.NativeSession.connect(Lcom/mysql/cj/conf/HostInfo;Ljava/lang/String;Ljava/lang/String;Ljava/lang/String;ILcom/mysql/cj/TransactionEventHandler;)V+110
j  com.mysql.cj.jdbc.ConnectionImpl.connectOneTryOnly(Z)V+32
j  com.mysql.cj.jdbc.ConnectionImpl.createNewIO(Z)V+27
j  com.mysql.cj.jdbc.ConnectionImpl.<init>(Lcom/mysql/cj/conf/HostInfo;)V+753
j  com.mysql.cj.jdbc.ConnectionImpl.getInstance(Lcom/mysql/cj/conf/HostInfo;)Lcom/mysql/cj/jdbc/JdbcConnection;+5
j  com.mysql.cj.jdbc.NonRegisteringDriver.connect(Ljava/lang/String;Ljava/util/Properties;)Ljava/sql/Connection;+72
j  com.zaxxer.hikari.util.DriverDataSource.getConnection(Ljava/lang/String;Ljava/lang/String;)Ljava/sql/Connection;+61
j  com.zaxxer.hikari.pool.PoolBase.newConnection()Ljava/sql/Connection;+49
j  com.zaxxer.hikari.pool.PoolBase.newPoolEntry()Lcom/zaxxer/hikari/pool/PoolEntry;+5
j  com.zaxxer.hikari.pool.HikariPool.createPoolEntry()Lcom/zaxxer/hikari/pool/PoolEntry;+1
j  com.zaxxer.hikari.pool.HikariPool.checkFailFast()V+20
j  com.zaxxer.hikari.pool.HikariPool.<init>(Lcom/zaxxer/hikari/HikariConfig;)V+128
j  com.zaxxer.hikari.HikariDataSource.getConnection()Ljava/sql/Connection;+100
j  org.hibernate.engine.jdbc.connections.internal.DatasourceConnectionProviderImpl.getConnection()Ljava/sql/Connection;+48
j  org.hibernate.engine.jdbc.env.internal.JdbcEnvironmentInitiator$ConnectionProviderJdbcConnectionAccess.obtainConnection()Ljava/sql/Connection;+4
j  org.hibernate.engine.jdbc.env.internal.JdbcEnvironmentInitiator.initiateService(Ljava/util/Map;Lorg/hibernate/service/spi/ServiceRegistryImplementor;)Lorg/hibernate/engine/jdbc/env/spi/JdbcEnvironment;+36
j  org.hibernate.engine.jdbc.env.internal.JdbcEnvironmentInitiator.initiateService(Ljava/util/Map;Lorg/hibernate/service/spi/ServiceRegistryImplementor;)Lorg/hibernate/service/Service;+3
j  org.hibernate.boot.registry.internal.StandardServiceRegistryImpl.initiateService(Lorg/hibernate/service/spi/ServiceInitiator;)Lorg/hibernate/service/Service;+9
j  org.hibernate.service.internal.AbstractServiceRegistryImpl.createService(Lorg/hibernate/service/spi/ServiceBinding;)Lorg/hibernate/service/Service;+26
j  org.hibernate.service.internal.AbstractServiceRegistryImpl.initializeService(Lorg/hibernate/service/spi/ServiceBinding;)Lorg/hibernate/service/Service;+30
j  org.hibernate.service.internal.AbstractServiceRegistryImpl.getService(Ljava/lang/Class;)Lorg/hibernate/service/Service;+115
j  org.hibernate.id.factory.internal.DefaultIdentifierGeneratorFactory.injectServices(Lorg/hibernate/service/spi/ServiceRegistryImplementor;)V+9
j  org.hibernate.service.internal.AbstractServiceRegistryImpl.injectDependencies(Lorg/hibernate/service/spi/ServiceBinding;)V+24
j  org.hibernate.service.internal.AbstractServiceRegistryImpl.initializeService(Lorg/hibernate/service/spi/ServiceBinding;)Lorg/hibernate/service/Service;+45
j  org.hibernate.service.internal.AbstractServiceRegistryImpl.getService(Ljava/lang/Class;)Lorg/hibernate/service/Service;+115
j  org.hibernate.boot.internal.InFlightMetadataCollectorImpl.<init>(Lorg/hibernate/boot/spi/BootstrapContext;Lorg/hibernate/boot/spi/MetadataBuildingOptions;)V+277
j  org.hibernate.boot.model.process.spi.MetadataBuildingProcess.complete(Lorg/hibernate/boot/model/process/spi/ManagedResources;Lorg/hibernate/boot/spi/BootstrapContext;Lorg/hibernate/boot/spi/MetadataBuildingOptions;)Lorg/hibernate/boot/spi/MetadataImplementor;+6
j  org.hibernate.jpa.boot.internal.EntityManagerFactoryBuilderImpl.metadata()Lorg/hibernate/boot/spi/MetadataImplementor;+30
j  org.hibernate.jpa.boot.internal.EntityManagerFactoryBuilderImpl.build()Ljavax/persistence/EntityManagerFactory;+3
j  org.springframework.orm.jpa.vendor.SpringHibernateJpaPersistenceProvider.createContainerEntityManagerFactory(Ljavax/persistence/spi/PersistenceUnitInfo;Ljava/util/Map;)Ljavax/persistence/EntityManagerFactory;+55
j  org.springframework.orm.jpa.LocalContainerEntityManagerFactoryBean.createNativeEntityManagerFactory()Ljavax/persistence/EntityManagerFactory;+129
j  org.springframework.orm.jpa.AbstractEntityManagerFactoryBean.buildNativeEntityManagerFactory()Ljavax/persistence/EntityManagerFactory;+1
j  org.springframework.orm.jpa.AbstractEntityManagerFactoryBean.afterPropertiesSet()V+192
j  org.springframework.orm.jpa.LocalContainerEntityManagerFactoryBean.afterPropertiesSet()V+77
j  org.springframework.beans.factory.support.AbstractAutowireCapableBeanFactory.invokeInitMethods(Ljava/lang/String;Ljava/lang/Object;Lorg/springframework/beans/factory/support/RootBeanDefinition;)V+106
j  org.springframework.beans.factory.support.AbstractAutowireCapableBeanFactory.initializeBean(Ljava/lang/String;Ljava/lang/Object;Lorg/springframework/beans/factory/support/RootBeanDefinition;)Ljava/lang/Object;+59
j  org.springframework.beans.factory.support.AbstractAutowireCapableBeanFactory.doCreateBean(Ljava/lang/String;Lorg/springframework/beans/factory/support/RootBeanDefinition;[Ljava/lang/Object;)Ljava/lang/Object;+245
j  org.springframework.beans.factory.support.AbstractAutowireCapableBeanFactory.createBean(Ljava/lang/String;Lorg/springframework/beans/factory/support/RootBeanDefinition;[Ljava/lang/Object;)Ljava/lang/Object;+169
j  org.springframework.beans.factory.support.AbstractBeanFactory.lambda$doGetBean$0(Ljava/lang/String;Lorg/springframework/beans/factory/support/RootBeanDefinition;[Ljava/lang/Object;)Ljava/lang/Object;+4
j  org.springframework.beans.factory.support.AbstractBeanFactory$$Lambda$323.getObject()Ljava/lang/Object;+16
j  org.springframework.beans.factory.support.DefaultSingletonBeanRegistry.getSingleton(Ljava/lang/String;Lorg/springframework/beans/factory/ObjectFactory;)Ljava/lang/Object;+132
J 3149 c1 org.springframework.beans.factory.support.AbstractBeanFactory.doGetBean(Ljava/lang/String;Ljava/lang/Class;[Ljava/lang/Object;Z)Ljava/lang/Object; (832 bytes) @ 0x00000265891fa9dc [0x00000265891fa3e0+0x00000000000005fc]
j  org.springframework.beans.factory.support.AbstractBeanFactory.getBean(Ljava/lang/String;)Ljava/lang/Object;+5
j  org.springframework.context.support.AbstractApplicationContext.getBean(Ljava/lang/String;)Ljava/lang/Object;+9
j  org.springframework.context.support.AbstractApplicationContext.finishBeanFactoryInitialization(Lorg/springframework/beans/factory/config/ConfigurableListableBeanFactory;)V+100
j  org.springframework.context.support.AbstractApplicationContext.refresh()V+86
j  org.springframework.boot.web.servlet.context.ServletWebServerApplicationContext.refresh()V+1
j  org.springframework.boot.SpringApplication.refresh(Lorg/springframework/context/ConfigurableApplicationContext;)V+1
j  org.springframework.boot.SpringApplication.refreshContext(Lorg/springframework/context/ConfigurableApplicationContext;)V+16
j  org.springframework.boot.SpringApplication.run([Ljava/lang/String;)Lorg/springframework/context/ConfigurableApplicationContext;+107
j  org.springframework.boot.SpringApplication.run([Ljava/lang/Class;[Ljava/lang/String;)Lorg/springframework/context/ConfigurableApplicationContext;+9
j  org.springframework.boot.SpringApplication.run(Ljava/lang/Class;[Ljava/lang/String;)Lorg/springframework/context/ConfigurableApplicationContext;+9
j  com.fa.training.SpringBootJpaSecurityApplication.main([Ljava/lang/String;)V+3
v  ~StubRoutines::call_stub
j  jdk.internal.reflect.NativeMethodAccessorImpl.invoke0(Ljava/lang/reflect/Method;Ljava/lang/Object;[Ljava/lang/Object;)Ljava/lang/Object;+0 java.base@11.0.20.1
j  jdk.internal.reflect.NativeMethodAccessorImpl.invoke(Ljava/lang/Object;[Ljava/lang/Object;)Ljava/lang/Object;+100 java.base@11.0.20.1
j  jdk.internal.reflect.DelegatingMethodAccessorImpl.invoke(Ljava/lang/Object;[Ljava/lang/Object;)Ljava/lang/Object;+6 java.base@11.0.20.1
j  java.lang.reflect.Method.invoke(Ljava/lang/Object;[Ljava/lang/Object;)Ljava/lang/Object;+59 java.base@11.0.20.1
j  org.springframework.boot.devtools.restart.RestartLauncher.run()V+47
v  ~StubRoutines::call_stub

---------------  P R O C E S S  ---------------

Threads class SMR info:
_java_thread_list=0x000002659ad2a550, length=19, elements={
0x00000265f93fb000, 0x0000026599ba5000, 0x0000026599bae000, 0x000002659a512800,
0x000002659a513800, 0x0000026599ba1000, 0x0000026599ba2000, 0x0000026599bbc800,
0x0000026599b26000, 0x000002659a8cd800, 0x000002659ac0d000, 0x000002659b0ca000,
0x000002659bb75800, 0x000002659adb2800, 0x000002659ad9d800, 0x000002659c6e3000,
0x000002659c6c7000, 0x000002659c6c8000, 0x000002659c6c8800
}

Java Threads: ( => current thread )
  0x00000265f93fb000 JavaThread "main" [_thread_blocked, id=7768, stack(0x000000a98e300000,0x000000a98e400000)]
  0x0000026599ba5000 JavaThread "Reference Handler" daemon [_thread_blocked, id=6116, stack(0x000000a98ea00000,0x000000a98eb00000)]
  0x0000026599bae000 JavaThread "Finalizer" daemon [_thread_blocked, id=8348, stack(0x000000a98eb00000,0x000000a98ec00000)]
  0x000002659a512800 JavaThread "Signal Dispatcher" daemon [_thread_blocked, id=3368, stack(0x000000a98ec00000,0x000000a98ed00000)]
  0x000002659a513800 JavaThread "Attach Listener" daemon [_thread_blocked, id=9464, stack(0x000000a98ed00000,0x000000a98ee00000)]
  0x0000026599ba1000 JavaThread "Service Thread" daemon [_thread_blocked, id=10772, stack(0x000000a98ee00000,0x000000a98ef00000)]
  0x0000026599ba2000 JavaThread "C1 CompilerThread0" daemon [_thread_blocked, id=3156, stack(0x000000a98ef00000,0x000000a98f000000)]
  0x0000026599bbc800 JavaThread "Sweeper thread" daemon [_thread_blocked, id=11524, stack(0x000000a98f000000,0x000000a98f100000)]
  0x0000026599b26000 JavaThread "Common-Cleaner" daemon [_thread_blocked, id=13224, stack(0x000000a98f100000,0x000000a98f200000)]
  0x000002659a8cd800 JavaThread "Monitor Ctrl-Break" daemon [_thread_in_native, id=8744, stack(0x000000a98f200000,0x000000a98f300000)]
  0x000002659ac0d000 JavaThread "RMI TCP Accept-0" daemon [_thread_in_native, id=8172, stack(0x000000a98f300000,0x000000a98f400000)]
  0x000002659b0ca000 JavaThread "RMI TCP Connection(1)-192.168.139.181" daemon [_thread_in_native, id=8320, stack(0x000000a98f900000,0x000000a98fa00000)]
  0x000002659bb75800 JavaThread "RMI Scheduler(0)" daemon [_thread_blocked, id=12828, stack(0x000000a98fa00000,0x000000a98fb00000)]
  0x000002659adb2800 JavaThread "Thread-0" [_thread_blocked, id=6708, stack(0x000000a98fc00000,0x000000a98fd00000)]
=>0x000002659ad9d800 JavaThread "restartedMain" [_thread_in_vm, id=2636, stack(0x000000a98fb00000,0x000000a98fc00000)]
  0x000002659c6e3000 JavaThread "Catalina-utility-1" [_thread_blocked, id=11976, stack(0x000000a98fe00000,0x000000a98ff00000)]
  0x000002659c6c7000 JavaThread "Catalina-utility-2" [_thread_blocked, id=9048, stack(0x000000a98ff00000,0x000000a990000000)]
  0x000002659c6c8000 JavaThread "container-0" [_thread_blocked, id=32, stack(0x000000a990000000,0x000000a990100000)]
  0x000002659c6c8800 JavaThread "mysql-cj-abandoned-connection-cleanup" daemon [_thread_blocked, id=2728, stack(0x000000a990100000,0x000000a990200000)]

Other Threads:
  0x0000026599b6d000 VMThread "VM Thread" [stack: 0x000000a98e900000,0x000000a98ea00000] [id=12752]
  0x000002659ac67800 WatcherThread [stack: 0x000000a98f400000,0x000000a98f500000] [id=1548]
  0x00000265f9413800 GCTaskThread "GC Thread#0" [stack: 0x000000a98e400000,0x000000a98e500000] [id=8148]
  0x000002659ac92800 GCTaskThread "GC Thread#1" [stack: 0x000000a98f500000,0x000000a98f600000] [id=7628]
  0x000002659acd9000 GCTaskThread "GC Thread#2" [stack: 0x000000a98f600000,0x000000a98f700000] [id=12364]
  0x000002659bba9800 GCTaskThread "GC Thread#3" [stack: 0x000000a98fd00000,0x000000a98fe00000] [id=4200]
  0x00000265f9444800 ConcurrentGCThread "G1 Main Marker" [stack: 0x000000a98e500000,0x000000a98e600000] [id=13304]
  0x00000265f9446800 ConcurrentGCThread "G1 Conc#0" [stack: 0x000000a98e600000,0x000000a98e700000] [id=7336]
  0x00000265999e0800 ConcurrentGCThread "G1 Refine#0" [stack: 0x000000a98e700000,0x000000a98e800000] [id=2096]
  0x000002659a7fe800 ConcurrentGCThread "G1 Refine#1" [stack: 0x000000a98f700000,0x000000a98f800000] [id=8796]
  0x000002659ad1d000 ConcurrentGCThread "G1 Refine#2" [stack: 0x000000a98f800000,0x000000a98f900000] [id=7996]
  0x00000265f94c9000 ConcurrentGCThread "G1 Young RemSet Sampling" [stack: 0x000000a98e800000,0x000000a98e900000] [id=6504]

Threads with active compile tasks:

VM state:not at safepoint (normal execution)

VM Mutex/Monitor currently owned by a thread: None

Heap address: 0x0000000081800000, size: 2024 MB, Compressed Oops mode: 32-bit
Narrow klass base: 0x0000000000000000, Narrow klass shift: 3
Compressed class space size: 1073741824 Address: 0x0000000100000000

Heap:
 garbage-first heap   total 157696K, used 24306K [0x0000000081800000, 0x0000000100000000)
  region size 1024K, 14 young (14336K), 8 survivors (8192K)
 Metaspace       used 44338K, capacity 45856K, committed 46108K, reserved 1093632K
  class space    used 5715K, capacity 6333K, committed 6348K, reserved 1048576K
Heap Regions: E=young(eden), S=young(survivor), O=old, HS=humongous(starts), HC=humongous(continues), CS=collection set, F=free, A=archive, TAMS=top-at-mark-start (previous, next)
|   0|0x0000000081800000, 0x0000000081900000, 0x0000000081900000|100%|HS|  |TAMS 0x0000000081900000, 0x0000000081800000| Complete 
|   1|0x0000000081900000, 0x0000000081a00000, 0x0000000081a00000|100%| O|  |TAMS 0x0000000081a00000, 0x0000000081900000| Untracked 
|   2|0x0000000081a00000, 0x0000000081b00000, 0x0000000081b00000|100%| O|  |TAMS 0x0000000081b00000, 0x0000000081a00000| Untracked 
|   3|0x0000000081b00000, 0x0000000081c00000, 0x0000000081c00000|100%| O|  |TAMS 0x0000000081c00000, 0x0000000081b00000| Untracked 
|   4|0x0000000081c00000, 0x0000000081d00000, 0x0000000081d00000|100%| O|  |TAMS 0x0000000081d00000, 0x0000000081c00000| Untracked 
|   5|0x0000000081d00000, 0x0000000081e00000, 0x0000000081e00000|100%| O|  |TAMS 0x0000000081e00000, 0x0000000081d00000| Untracked 
|   6|0x0000000081e00000, 0x0000000081f00000, 0x0000000081f00000|100%| O|  |TAMS 0x0000000081f00000, 0x0000000081e00000| Untracked 
|   7|0x0000000081f00000, 0x0000000082000000, 0x0000000082000000|100%| O|  |TAMS 0x0000000082000000, 0x0000000081f00000| Untracked 
|   8|0x0000000082000000, 0x0000000082100000, 0x0000000082100000|100%| O|  |TAMS 0x0000000082100000, 0x0000000082000000| Untracked 
|   9|0x0000000082100000, 0x0000000082200000, 0x0000000082200000|100%| O|  |TAMS 0x0000000082104600, 0x0000000082100000| Untracked 
|  10|0x0000000082200000, 0x0000000082300000, 0x0000000082300000|100%| O|  |TAMS 0x0000000082200000, 0x0000000082200000| Untracked 
|  11|0x0000000082300000, 0x00000000823bc800, 0x0000000082400000| 73%| O|  |TAMS 0x0000000082300000, 0x0000000082300000| Untracked 
|  12|0x0000000082400000, 0x0000000082400000, 0x0000000082500000|  0%| F|  |TAMS 0x0000000082400000, 0x0000000082400000| Untracked 
|  13|0x0000000082500000, 0x0000000082500000, 0x0000000082600000|  0%| F|  |TAMS 0x0000000082500000, 0x0000000082500000| Untracked 
|  14|0x0000000082600000, 0x0000000082600000, 0x0000000082700000|  0%| F|  |TAMS 0x0000000082600000, 0x0000000082600000| Untracked 
|  15|0x0000000082700000, 0x0000000082700000, 0x0000000082800000|  0%| F|  |TAMS 0x0000000082700000, 0x0000000082700000| Untracked 
|  16|0x0000000082800000, 0x0000000082800000, 0x0000000082900000|  0%| F|  |TAMS 0x0000000082800000, 0x0000000082800000| Untracked 
|  17|0x0000000082900000, 0x0000000082900000, 0x0000000082a00000|  0%| F|  |TAMS 0x0000000082900000, 0x0000000082900000| Untracked 
|  18|0x0000000082a00000, 0x0000000082a00000, 0x0000000082b00000|  0%| F|  |TAMS 0x0000000082a00000, 0x0000000082a00000| Untracked 
|  19|0x0000000082b00000, 0x0000000082b00000, 0x0000000082c00000|  0%| F|  |TAMS 0x0000000082b00000, 0x0000000082b00000| Untracked 
|  20|0x0000000082c00000, 0x0000000082c00000, 0x0000000082d00000|  0%| F|  |TAMS 0x0000000082c00000, 0x0000000082c00000| Untracked 
|  21|0x0000000082d00000, 0x0000000082d00000, 0x0000000082e00000|  0%| F|  |TAMS 0x0000000082d00000, 0x0000000082d00000| Untracked 
|  22|0x0000000082e00000, 0x0000000082e00000, 0x0000000082f00000|  0%| F|  |TAMS 0x0000000082e00000, 0x0000000082e00000| Untracked 
|  23|0x0000000082f00000, 0x0000000082f00000, 0x0000000083000000|  0%| F|  |TAMS 0x0000000082f00000, 0x0000000082f00000| Untracked 
|  24|0x0000000083000000, 0x0000000083000000, 0x0000000083100000|  0%| F|  |TAMS 0x0000000083000000, 0x0000000083000000| Untracked 
|  25|0x0000000083100000, 0x0000000083100000, 0x0000000083200000|  0%| F|  |TAMS 0x0000000083100000, 0x0000000083100000| Untracked 
|  26|0x0000000083200000, 0x0000000083200000, 0x0000000083300000|  0%| F|  |TAMS 0x0000000083200000, 0x0000000083200000| Untracked 
|  27|0x0000000083300000, 0x0000000083300000, 0x0000000083400000|  0%| F|  |TAMS 0x0000000083300000, 0x0000000083300000| Untracked 
|  28|0x0000000083400000, 0x0000000083400000, 0x0000000083500000|  0%| F|  |TAMS 0x0000000083400000, 0x0000000083400000| Untracked 
|  29|0x0000000083500000, 0x0000000083500000, 0x0000000083600000|  0%| F|  |TAMS 0x0000000083500000, 0x0000000083500000| Untracked 
|  30|0x0000000083600000, 0x0000000083600000, 0x0000000083700000|  0%| F|  |TAMS 0x0000000083600000, 0x0000000083600000| Untracked 
|  31|0x0000000083700000, 0x0000000083700000, 0x0000000083800000|  0%| F|  |TAMS 0x0000000083700000, 0x0000000083700000| Untracked 
|  32|0x0000000083800000, 0x0000000083800000, 0x0000000083900000|  0%| F|  |TAMS 0x0000000083800000, 0x0000000083800000| Untracked 
|  33|0x0000000083900000, 0x0000000083900000, 0x0000000083a00000|  0%| F|  |TAMS 0x0000000083900000, 0x0000000083900000| Untracked 
|  34|0x0000000083a00000, 0x0000000083a00000, 0x0000000083b00000|  0%| F|  |TAMS 0x0000000083a00000, 0x0000000083a00000| Untracked 
|  35|0x0000000083b00000, 0x0000000083b00000, 0x0000000083c00000|  0%| F|  |TAMS 0x0000000083b00000, 0x0000000083b00000| Untracked 
|  36|0x0000000083c00000, 0x0000000083c00000, 0x0000000083d00000|  0%| F|  |TAMS 0x0000000083c00000, 0x0000000083c00000| Untracked 
|  37|0x0000000083d00000, 0x0000000083d00000, 0x0000000083e00000|  0%| F|  |TAMS 0x0000000083d00000, 0x0000000083d00000| Untracked 
|  38|0x0000000083e00000, 0x0000000083e00000, 0x0000000083f00000|  0%| F|  |TAMS 0x0000000083e00000, 0x0000000083e00000| Untracked 
|  39|0x0000000083f00000, 0x0000000083f00000, 0x0000000084000000|  0%| F|  |TAMS 0x0000000083f00000, 0x0000000083f00000| Untracked 
|  40|0x0000000084000000, 0x0000000084000000, 0x0000000084100000|  0%| F|  |TAMS 0x0000000084000000, 0x0000000084000000| Untracked 
|  41|0x0000000084100000, 0x0000000084100000, 0x0000000084200000|  0%| F|  |TAMS 0x0000000084100000, 0x0000000084100000| Untracked 
|  42|0x0000000084200000, 0x0000000084200000, 0x0000000084300000|  0%| F|  |TAMS 0x0000000084200000, 0x0000000084200000| Untracked 
|  43|0x0000000084300000, 0x0000000084300000, 0x0000000084400000|  0%| F|  |TAMS 0x0000000084300000, 0x0000000084300000| Untracked 
|  44|0x0000000084400000, 0x0000000084400000, 0x0000000084500000|  0%| F|  |TAMS 0x0000000084400000, 0x0000000084400000| Untracked 
|  45|0x0000000084500000, 0x0000000084500000, 0x0000000084600000|  0%| F|  |TAMS 0x0000000084500000, 0x0000000084500000| Untracked 
|  46|0x0000000084600000, 0x0000000084600000, 0x0000000084700000|  0%| F|  |TAMS 0x0000000084600000, 0x0000000084600000| Untracked 
|  47|0x0000000084700000, 0x0000000084700000, 0x0000000084800000|  0%| F|  |TAMS 0x0000000084700000, 0x0000000084700000| Untracked 
|  48|0x0000000084800000, 0x0000000084800000, 0x0000000084900000|  0%| F|  |TAMS 0x0000000084800000, 0x0000000084800000| Untracked 
|  49|0x0000000084900000, 0x0000000084900000, 0x0000000084a00000|  0%| F|  |TAMS 0x0000000084900000, 0x0000000084900000| Untracked 
|  50|0x0000000084a00000, 0x0000000084a00000, 0x0000000084b00000|  0%| F|  |TAMS 0x0000000084a00000, 0x0000000084a00000| Untracked 
|  51|0x0000000084b00000, 0x0000000084b00000, 0x0000000084c00000|  0%| F|  |TAMS 0x0000000084b00000, 0x0000000084b00000| Untracked 
|  52|0x0000000084c00000, 0x0000000084c00000, 0x0000000084d00000|  0%| F|  |TAMS 0x0000000084c00000, 0x0000000084c00000| Untracked 
|  53|0x0000000084d00000, 0x0000000084d00000, 0x0000000084e00000|  0%| F|  |TAMS 0x0000000084d00000, 0x0000000084d00000| Untracked 
|  54|0x0000000084e00000, 0x0000000084e00000, 0x0000000084f00000|  0%| F|  |TAMS 0x0000000084e00000, 0x0000000084e00000| Untracked 
|  55|0x0000000084f00000, 0x0000000084f00000, 0x0000000085000000|  0%| F|  |TAMS 0x0000000084f00000, 0x0000000084f00000| Untracked 
|  56|0x0000000085000000, 0x0000000085000000, 0x0000000085100000|  0%| F|  |TAMS 0x0000000085000000, 0x0000000085000000| Untracked 
|  57|0x0000000085100000, 0x0000000085100000, 0x0000000085200000|  0%| F|  |TAMS 0x0000000085100000, 0x0000000085100000| Untracked 
|  58|0x0000000085200000, 0x0000000085200000, 0x0000000085300000|  0%| F|  |TAMS 0x0000000085200000, 0x0000000085200000| Untracked 
|  59|0x0000000085300000, 0x0000000085300000, 0x0000000085400000|  0%| F|  |TAMS 0x0000000085300000, 0x0000000085300000| Untracked 
|  60|0x0000000085400000, 0x0000000085400000, 0x0000000085500000|  0%| F|  |TAMS 0x0000000085400000, 0x0000000085400000| Untracked 
|  61|0x0000000085500000, 0x0000000085600000, 0x0000000085600000|100%| S|CS|TAMS 0x0000000085500000, 0x0000000085500000| Complete 
|  62|0x0000000085600000, 0x0000000085700000, 0x0000000085700000|100%| S|CS|TAMS 0x0000000085600000, 0x0000000085600000| Complete 
|  63|0x0000000085700000, 0x0000000085800000, 0x0000000085800000|100%| S|CS|TAMS 0x0000000085700000, 0x0000000085700000| Complete 
|  64|0x0000000085800000, 0x0000000085900000, 0x0000000085900000|100%| S|CS|TAMS 0x0000000085800000, 0x0000000085800000| Complete 
|  65|0x0000000085900000, 0x0000000085a00000, 0x0000000085a00000|100%| S|CS|TAMS 0x0000000085900000, 0x0000000085900000| Complete 
|  66|0x0000000085a00000, 0x0000000085b00000, 0x0000000085b00000|100%| S|CS|TAMS 0x0000000085a00000, 0x0000000085a00000| Complete 
|  67|0x0000000085b00000, 0x0000000085c00000, 0x0000000085c00000|100%| S|CS|TAMS 0x0000000085b00000, 0x0000000085b00000| Complete 
|  68|0x0000000085c00000, 0x0000000085d00000, 0x0000000085d00000|100%| S|CS|TAMS 0x0000000085c00000, 0x0000000085c00000| Complete 
|  69|0x0000000085d00000, 0x0000000085d00000, 0x0000000085e00000|  0%| F|  |TAMS 0x0000000085d00000, 0x0000000085d00000| Untracked 
|  70|0x0000000085e00000, 0x0000000085e00000, 0x0000000085f00000|  0%| F|  |TAMS 0x0000000085e00000, 0x0000000085e00000| Untracked 
|  71|0x0000000085f00000, 0x0000000085f00000, 0x0000000086000000|  0%| F|  |TAMS 0x0000000085f00000, 0x0000000085f00000| Untracked 
|  72|0x0000000086000000, 0x0000000086000000, 0x0000000086100000|  0%| F|  |TAMS 0x0000000086000000, 0x0000000086000000| Untracked 
|  73|0x0000000086100000, 0x0000000086100000, 0x0000000086200000|  0%| F|  |TAMS 0x0000000086100000, 0x0000000086100000| Untracked 
|  74|0x0000000086200000, 0x0000000086200000, 0x0000000086300000|  0%| F|  |TAMS 0x0000000086200000, 0x0000000086200000| Untracked 
|  75|0x0000000086300000, 0x0000000086300000, 0x0000000086400000|  0%| F|  |TAMS 0x0000000086300000, 0x0000000086300000| Untracked 
|  76|0x0000000086400000, 0x0000000086400000, 0x0000000086500000|  0%| F|  |TAMS 0x0000000086400000, 0x0000000086400000| Untracked 
|  77|0x0000000086500000, 0x0000000086500000, 0x0000000086600000|  0%| F|  |TAMS 0x0000000086500000, 0x0000000086500000| Untracked 
|  78|0x0000000086600000, 0x0000000086600000, 0x0000000086700000|  0%| F|  |TAMS 0x0000000086600000, 0x0000000086600000| Untracked 
|  79|0x0000000086700000, 0x0000000086700000, 0x0000000086800000|  0%| F|  |TAMS 0x0000000086700000, 0x0000000086700000| Untracked 
|  80|0x0000000086800000, 0x0000000086800000, 0x0000000086900000|  0%| F|  |TAMS 0x0000000086800000, 0x0000000086800000| Untracked 
|  81|0x0000000086900000, 0x0000000086900000, 0x0000000086a00000|  0%| F|  |TAMS 0x0000000086900000, 0x0000000086900000| Untracked 
|  82|0x0000000086a00000, 0x0000000086a00000, 0x0000000086b00000|  0%| F|  |TAMS 0x0000000086a00000, 0x0000000086a00000| Untracked 
|  83|0x0000000086b00000, 0x0000000086b00000, 0x0000000086c00000|  0%| F|  |TAMS 0x0000000086b00000, 0x0000000086b00000| Untracked 
|  84|0x0000000086c00000, 0x0000000086c00000, 0x0000000086d00000|  0%| F|  |TAMS 0x0000000086c00000, 0x0000000086c00000| Untracked 
|  85|0x0000000086d00000, 0x0000000086d00000, 0x0000000086e00000|  0%| F|  |TAMS 0x0000000086d00000, 0x0000000086d00000| Untracked 
|  86|0x0000000086e00000, 0x0000000086e00000, 0x0000000086f00000|  0%| F|  |TAMS 0x0000000086e00000, 0x0000000086e00000| Untracked 
|  87|0x0000000086f00000, 0x0000000086f00000, 0x0000000087000000|  0%| F|  |TAMS 0x0000000086f00000, 0x0000000086f00000| Untracked 
|  88|0x0000000087000000, 0x0000000087000000, 0x0000000087100000|  0%| F|  |TAMS 0x0000000087000000, 0x0000000087000000| Untracked 
|  89|0x0000000087100000, 0x0000000087100000, 0x0000000087200000|  0%| F|  |TAMS 0x0000000087100000, 0x0000000087100000| Untracked 
|  90|0x0000000087200000, 0x0000000087200000, 0x0000000087300000|  0%| F|  |TAMS 0x0000000087200000, 0x0000000087200000| Untracked 
|  91|0x0000000087300000, 0x0000000087300000, 0x0000000087400000|  0%| F|  |TAMS 0x0000000087300000, 0x0000000087300000| Untracked 
|  92|0x0000000087400000, 0x0000000087400000, 0x0000000087500000|  0%| F|  |TAMS 0x0000000087400000, 0x0000000087400000| Untracked 
|  93|0x0000000087500000, 0x0000000087500000, 0x0000000087600000|  0%| F|  |TAMS 0x0000000087500000, 0x0000000087500000| Untracked 
|  94|0x0000000087600000, 0x0000000087600000, 0x0000000087700000|  0%| F|  |TAMS 0x0000000087600000, 0x0000000087600000| Untracked 
|  95|0x0000000087700000, 0x0000000087700000, 0x0000000087800000|  0%| F|  |TAMS 0x0000000087700000, 0x0000000087700000| Untracked 
|  96|0x0000000087800000, 0x0000000087800000, 0x0000000087900000|  0%| F|  |TAMS 0x0000000087800000, 0x0000000087800000| Untracked 
|  97|0x0000000087900000, 0x0000000087900000, 0x0000000087a00000|  0%| F|  |TAMS 0x0000000087900000, 0x0000000087900000| Untracked 
|  98|0x0000000087a00000, 0x0000000087a00000, 0x0000000087b00000|  0%| F|  |TAMS 0x0000000087a00000, 0x0000000087a00000| Untracked 
|  99|0x0000000087b00000, 0x0000000087b00000, 0x0000000087c00000|  0%| F|  |TAMS 0x0000000087b00000, 0x0000000087b00000| Untracked 
| 100|0x0000000087c00000, 0x0000000087c00000, 0x0000000087d00000|  0%| F|  |TAMS 0x0000000087c00000, 0x0000000087c00000| Untracked 
| 101|0x0000000087d00000, 0x0000000087d00000, 0x0000000087e00000|  0%| F|  |TAMS 0x0000000087d00000, 0x0000000087d00000| Untracked 
| 102|0x0000000087e00000, 0x0000000087e00000, 0x0000000087f00000|  0%| F|  |TAMS 0x0000000087e00000, 0x0000000087e00000| Untracked 
| 103|0x0000000087f00000, 0x0000000087f00000, 0x0000000088000000|  0%| F|  |TAMS 0x0000000087f00000, 0x0000000087f00000| Untracked 
| 104|0x0000000088000000, 0x0000000088000000, 0x0000000088100000|  0%| F|  |TAMS 0x0000000088000000, 0x0000000088000000| Untracked 
| 105|0x0000000088100000, 0x0000000088100000, 0x0000000088200000|  0%| F|  |TAMS 0x0000000088100000, 0x0000000088100000| Untracked 
| 106|0x0000000088200000, 0x0000000088200000, 0x0000000088300000|  0%| F|  |TAMS 0x0000000088200000, 0x0000000088200000| Untracked 
| 107|0x0000000088300000, 0x0000000088300000, 0x0000000088400000|  0%| F|  |TAMS 0x0000000088300000, 0x0000000088300000| Untracked 
| 108|0x0000000088400000, 0x0000000088400000, 0x0000000088500000|  0%| F|  |TAMS 0x0000000088400000, 0x0000000088400000| Untracked 
| 109|0x0000000088500000, 0x0000000088500000, 0x0000000088600000|  0%| F|  |TAMS 0x0000000088500000, 0x0000000088500000| Untracked 
| 110|0x0000000088600000, 0x0000000088600000, 0x0000000088700000|  0%| F|  |TAMS 0x0000000088600000, 0x0000000088600000| Untracked 
| 111|0x0000000088700000, 0x0000000088700000, 0x0000000088800000|  0%| F|  |TAMS 0x0000000088700000, 0x0000000088700000| Untracked 
| 112|0x0000000088800000, 0x0000000088800000, 0x0000000088900000|  0%| F|  |TAMS 0x0000000088800000, 0x0000000088800000| Untracked 
| 113|0x0000000088900000, 0x0000000088900000, 0x0000000088a00000|  0%| F|  |TAMS 0x0000000088900000, 0x0000000088900000| Untracked 
| 114|0x0000000088a00000, 0x0000000088a00000, 0x0000000088b00000|  0%| F|  |TAMS 0x0000000088a00000, 0x0000000088a00000| Untracked 
| 115|0x0000000088b00000, 0x0000000088b00000, 0x0000000088c00000|  0%| F|  |TAMS 0x0000000088b00000, 0x0000000088b00000| Untracked 
| 116|0x0000000088c00000, 0x0000000088c00000, 0x0000000088d00000|  0%| F|  |TAMS 0x0000000088c00000, 0x0000000088c00000| Untracked 
| 117|0x0000000088d00000, 0x0000000088d00000, 0x0000000088e00000|  0%| F|  |TAMS 0x0000000088d00000, 0x0000000088d00000| Untracked 
| 118|0x0000000088e00000, 0x0000000088e00000, 0x0000000088f00000|  0%| F|  |TAMS 0x0000000088e00000, 0x0000000088e00000| Untracked 
| 119|0x0000000088f00000, 0x0000000088f00000, 0x0000000089000000|  0%| F|  |TAMS 0x0000000088f00000, 0x0000000088f00000| Untracked 
| 120|0x0000000089000000, 0x0000000089000000, 0x0000000089100000|  0%| F|  |TAMS 0x0000000089000000, 0x0000000089000000| Untracked 
| 121|0x0000000089100000, 0x0000000089100000, 0x0000000089200000|  0%| F|  |TAMS 0x0000000089100000, 0x0000000089100000| Untracked 
| 122|0x0000000089200000, 0x0000000089200000, 0x0000000089300000|  0%| F|  |TAMS 0x0000000089200000, 0x0000000089200000| Untracked 
| 123|0x0000000089300000, 0x0000000089300000, 0x0000000089400000|  0%| F|  |TAMS 0x0000000089300000, 0x0000000089300000| Untracked 
| 124|0x0000000089400000, 0x0000000089400000, 0x0000000089500000|  0%| F|  |TAMS 0x0000000089400000, 0x0000000089400000| Untracked 
| 125|0x0000000089500000, 0x0000000089500000, 0x0000000089600000|  0%| F|  |TAMS 0x0000000089500000, 0x0000000089500000| Untracked 
| 126|0x0000000089600000, 0x0000000089600000, 0x0000000089700000|  0%| F|  |TAMS 0x0000000089600000, 0x0000000089600000| Untracked 
| 127|0x0000000089700000, 0x0000000089700000, 0x0000000089800000|  0%| F|  |TAMS 0x0000000089700000, 0x0000000089700000| Untracked 
| 128|0x0000000089800000, 0x0000000089800000, 0x0000000089900000|  0%| F|  |TAMS 0x0000000089800000, 0x0000000089800000| Untracked 
| 129|0x0000000089900000, 0x0000000089900000, 0x0000000089a00000|  0%| F|  |TAMS 0x0000000089900000, 0x0000000089900000| Untracked 
| 130|0x0000000089a00000, 0x0000000089a00000, 0x0000000089b00000|  0%| F|  |TAMS 0x0000000089a00000, 0x0000000089a00000| Untracked 
| 131|0x0000000089b00000, 0x0000000089b00000, 0x0000000089c00000|  0%| F|  |TAMS 0x0000000089b00000, 0x0000000089b00000| Untracked 
| 132|0x0000000089c00000, 0x0000000089c00000, 0x0000000089d00000|  0%| F|  |TAMS 0x0000000089c00000, 0x0000000089c00000| Untracked 
| 133|0x0000000089d00000, 0x0000000089d00000, 0x0000000089e00000|  0%| F|  |TAMS 0x0000000089d00000, 0x0000000089d00000| Untracked 
| 134|0x0000000089e00000, 0x0000000089e00000, 0x0000000089f00000|  0%| F|  |TAMS 0x0000000089e00000, 0x0000000089e00000| Untracked 
| 135|0x0000000089f00000, 0x0000000089f00000, 0x000000008a000000|  0%| F|  |TAMS 0x0000000089f00000, 0x0000000089f00000| Untracked 
| 136|0x000000008a000000, 0x000000008a000000, 0x000000008a100000|  0%| F|  |TAMS 0x000000008a000000, 0x000000008a000000| Untracked 
| 137|0x000000008a100000, 0x000000008a100000, 0x000000008a200000|  0%| F|  |TAMS 0x000000008a100000, 0x000000008a100000| Untracked 
| 138|0x000000008a200000, 0x000000008a200000, 0x000000008a300000|  0%| F|  |TAMS 0x000000008a200000, 0x000000008a200000| Untracked 
| 139|0x000000008a300000, 0x000000008a300000, 0x000000008a400000|  0%| F|  |TAMS 0x000000008a300000, 0x000000008a300000| Untracked 
| 140|0x000000008a400000, 0x000000008a400000, 0x000000008a500000|  0%| F|  |TAMS 0x000000008a400000, 0x000000008a400000| Untracked 
| 141|0x000000008a500000, 0x000000008a500000, 0x000000008a600000|  0%| F|  |TAMS 0x000000008a500000, 0x000000008a500000| Untracked 
| 142|0x000000008a600000, 0x000000008a600000, 0x000000008a700000|  0%| F|  |TAMS 0x000000008a600000, 0x000000008a600000| Untracked 
| 143|0x000000008a700000, 0x000000008a700000, 0x000000008a800000|  0%| F|  |TAMS 0x000000008a700000, 0x000000008a700000| Untracked 
| 144|0x000000008a800000, 0x000000008a800000, 0x000000008a900000|  0%| F|  |TAMS 0x000000008a800000, 0x000000008a800000| Untracked 
| 145|0x000000008a900000, 0x000000008a900000, 0x000000008aa00000|  0%| F|  |TAMS 0x000000008a900000, 0x000000008a900000| Untracked 
| 146|0x000000008aa00000, 0x000000008aa00000, 0x000000008ab00000|  0%| F|  |TAMS 0x000000008aa00000, 0x000000008aa00000| Untracked 
| 147|0x000000008ab00000, 0x000000008ab00000, 0x000000008ac00000|  0%| F|  |TAMS 0x000000008ab00000, 0x000000008ab00000| Untracked 
| 148|0x000000008ac00000, 0x000000008ac8c810, 0x000000008ad00000| 54%| E|  |TAMS 0x000000008ac00000, 0x000000008ac00000| Complete 
| 149|0x000000008ad00000, 0x000000008ae00000, 0x000000008ae00000|100%| E|CS|TAMS 0x000000008ad00000, 0x000000008ad00000| Complete 
| 150|0x000000008ae00000, 0x000000008af00000, 0x000000008af00000|100%| E|CS|TAMS 0x000000008ae00000, 0x000000008ae00000| Complete 
| 151|0x000000008af00000, 0x000000008b000000, 0x000000008b000000|100%| E|CS|TAMS 0x000000008af00000, 0x000000008af00000| Complete 
| 152|0x000000008b000000, 0x000000008b100000, 0x000000008b100000|100%| E|CS|TAMS 0x000000008b000000, 0x000000008b000000| Complete 
| 153|0x000000008b100000, 0x000000008b200000, 0x000000008b200000|100%| E|  |TAMS 0x000000008b100000, 0x000000008b100000| Complete 

Card table byte_map: [0x00000265fb6f0000,0x00000265fbaf0000] _byte_map_base: 0x00000265fb2e4000

Marking Bits (Prev, Next): (CMBitMap*) 0x00000265f943b968, (CMBitMap*) 0x00000265f943b9a0
 Prev Bits: [0x00000265fbef0000, 0x00000265fde90000)
 Next Bits: [0x00000265fde90000, 0x00000265ffe30000)

Polling page: 0x00000265f94d0000

Metaspace:

Usage:
  Non-class:     38.60 MB capacity,    37.72 MB ( 98%) used,   733.79 KB (  2%) free+waste,   166.56 KB ( <1%) overhead. 
      Class:      6.18 MB capacity,     5.58 MB ( 90%) used,   533.45 KB (  8%) free+waste,    84.06 KB (  1%) overhead. 
       Both:     44.78 MB capacity,    43.30 MB ( 97%) used,     1.24 MB (  3%) free+waste,   250.63 KB ( <1%) overhead. 

Virtual space:
  Non-class space:       44.00 MB reserved,      38.83 MB ( 88%) committed 
      Class space:        1.00 GB reserved,       6.20 MB ( <1%) committed 
             Both:        1.04 GB reserved,      45.03 MB (  4%) committed 

Chunk freelists:
   Non-Class:  45.00 KB
       Class:  3.00 KB
        Both:  48.00 KB

MaxMetaspaceSize: 17179869184.00 GB
CompressedClassSpaceSize: 1.00 GB
Initial GC threshold: 20.80 MB
Current GC threshold: 59.00 MB
CDS: off

CodeHeap 'non-profiled nmethods': size=238912Kb used=6140Kb max_used=6140Kb free=232771Kb
 bounds [0x0000026588d50000, 0x0000026589350000, 0x00000265976a0000]
CodeHeap 'non-nmethods': size=6848Kb used=1257Kb max_used=1257Kb free=5590Kb
 bounds [0x00000265886a0000, 0x0000026588910000, 0x0000026588d50000]
 total_blobs=4490 nmethods=3940 adapters=477
 compilation: enabled
              stopped_count=0, restarted_count=0
 full_count=0

Compilation events (20 events):
Event: 7.231 Thread 0x0000026599ba2000 3931       1       java.lang.ClassLoader::getBuiltinPlatformClassLoader (4 bytes)
Event: 7.231 Thread 0x0000026599ba2000 nmethod 3931 0x000002658934ca10 code [0x000002658934cbc0, 0x000002658934cc58]
Event: 7.231 Thread 0x0000026599ba2000 3932       1       java.io.ObjectInputStream$PeekInputStream::getBytesRead (5 bytes)
Event: 7.232 Thread 0x0000026599ba2000 nmethod 3932 0x000002658934cd10 code [0x000002658934cec0, 0x000002658934cf78]
Event: 7.232 Thread 0x0000026599ba2000 3933       1       jdk.internal.event.DeserializationEvent::shouldCommit (2 bytes)
Event: 7.232 Thread 0x0000026599ba2000 nmethod 3933 0x000002658934d010 code [0x000002658934d1c0, 0x000002658934d278]
Event: 7.233 Thread 0x0000026599ba2000 3934       1       java.io.ObjectInputStream::readLong (8 bytes)
Event: 7.234 Thread 0x0000026599ba2000 nmethod 3934 0x000002658934d310 code [0x000002658934d4c0, 0x000002658934d5a8]
Event: 7.234 Thread 0x0000026599ba2000 3935       1       java.io.ObjectInputStream$BlockDataInputStream::readLong (76 bytes)
Event: 7.234 Thread 0x0000026599ba2000 nmethod 3935 0x000002658934d690 code [0x000002658934d860, 0x000002658934d9e8]
Event: 7.237 Thread 0x0000026599ba2000 3936       1       sun.util.logging.internal.LoggingProviderImpl$JULWrapper::toJUL (40 bytes)
Event: 7.237 Thread 0x0000026599ba2000 nmethod 3936 0x000002658934db10 code [0x000002658934dcc0, 0x000002658934ddb8]
Event: 7.247 Thread 0x0000026599ba2000 3937   !   1       com.mysql.cj.conf.DefaultPropertySet::getProperty (52 bytes)
Event: 7.248 Thread 0x0000026599ba2000 nmethod 3937 0x000002658934de90 code [0x000002658934e080, 0x000002658934e3f8]
Event: 7.289 Thread 0x0000026599ba2000 3938       1       java.util.ResourceBundle::getString (9 bytes)
Event: 7.289 Thread 0x0000026599ba2000 nmethod 3938 0x000002658934e610 code [0x000002658934e7c0, 0x000002658934e8c8]
Event: 7.309 Thread 0x0000026599ba2000 3939       1       java.lang.ClassLoader::getPlatformClassLoader (21 bytes)
Event: 7.311 Thread 0x0000026599ba2000 nmethod 3939 0x000002658934e990 code [0x000002658934eb60, 0x000002658934ed38]
Event: 7.312 Thread 0x0000026599ba2000 3940       1       sun.nio.cs.ext.AbstractCharsetProvider::put (20 bytes)
Event: 7.313 Thread 0x0000026599ba2000 nmethod 3940 0x000002658934ee90 code [0x000002658934f040, 0x000002658934f158]

GC Heap History (18 events):
Event: 1.540 GC heap before
{Heap before GC invocations=0 (full 0):
 garbage-first heap   total 131072K, used 14336K [0x0000000081800000, 0x0000000100000000)
  region size 1024K, 14 young (14336K), 0 survivors (0K)
 Metaspace       used 12105K, capacity 12362K, committed 12672K, reserved 1060864K
  class space    used 1231K, capacity 1334K, committed 1408K, reserved 1048576K
}
Event: 1.550 GC heap after
{Heap after GC invocations=1 (full 0):
 garbage-first heap   total 131072K, used 7366K [0x0000000081800000, 0x0000000100000000)
  region size 1024K, 2 young (2048K), 2 survivors (2048K)
 Metaspace       used 12105K, capacity 12362K, committed 12672K, reserved 1060864K
  class space    used 1231K, capacity 1334K, committed 1408K, reserved 1048576K
}
Event: 1.724 GC heap before
{Heap before GC invocations=1 (full 0):
 garbage-first heap   total 131072K, used 11462K [0x0000000081800000, 0x0000000100000000)
  region size 1024K, 6 young (6144K), 2 survivors (2048K)
 Metaspace       used 13745K, capacity 14095K, committed 14336K, reserved 1062912K
  class space    used 1382K, capacity 1505K, committed 1536K, reserved 1048576K
}
Event: 1.731 GC heap after
{Heap after GC invocations=2 (full 0):
 garbage-first heap   total 131072K, used 8543K [0x0000000081800000, 0x0000000100000000)
  region size 1024K, 1 young (1024K), 1 survivors (1024K)
 Metaspace       used 13745K, capacity 14095K, committed 14336K, reserved 1062912K
  class space    used 1382K, capacity 1505K, committed 1536K, reserved 1048576K
}
Event: 2.140 GC heap before
{Heap before GC invocations=2 (full 0):
 garbage-first heap   total 131072K, used 25951K [0x0000000081800000, 0x0000000100000000)
  region size 1024K, 18 young (18432K), 1 survivors (1024K)
 Metaspace       used 16152K, capacity 16652K, committed 16768K, reserved 1064960K
  class space    used 1713K, capacity 1905K, committed 1920K, reserved 1048576K
}
Event: 2.146 GC heap after
{Heap after GC invocations=3 (full 0):
 garbage-first heap   total 131072K, used 9432K [0x0000000081800000, 0x0000000100000000)
  region size 1024K, 2 young (2048K), 2 survivors (2048K)
 Metaspace       used 16152K, capacity 16652K, committed 16768K, reserved 1064960K
  class space    used 1713K, capacity 1905K, committed 1920K, reserved 1048576K
}
Event: 2.738 GC heap before
{Heap before GC invocations=3 (full 0):
 garbage-first heap   total 131072K, used 36056K [0x0000000081800000, 0x0000000100000000)
  region size 1024K, 28 young (28672K), 2 survivors (2048K)
 Metaspace       used 19592K, capacity 20241K, committed 20480K, reserved 1067008K
  class space    used 2240K, capacity 2520K, committed 2560K, reserved 1048576K
}
Event: 2.746 GC heap after
{Heap after GC invocations=4 (full 0):
 garbage-first heap   total 131072K, used 10591K [0x0000000081800000, 0x0000000100000000)
  region size 1024K, 3 young (3072K), 3 survivors (3072K)
 Metaspace       used 19592K, capacity 20241K, committed 20480K, reserved 1067008K
  class space    used 2240K, capacity 2520K, committed 2560K, reserved 1048576K
}
Event: 2.818 GC heap before
{Heap before GC invocations=4 (full 0):
 garbage-first heap   total 131072K, used 13663K [0x0000000081800000, 0x0000000100000000)
  region size 1024K, 8 young (8192K), 3 survivors (3072K)
 Metaspace       used 20467K, capacity 21147K, committed 21296K, reserved 1069056K
  class space    used 2332K, capacity 2612K, committed 2688K, reserved 1048576K
}
Event: 2.826 GC heap after
{Heap after GC invocations=5 (full 0):
 garbage-first heap   total 131072K, used 10848K [0x0000000081800000, 0x0000000100000000)
  region size 1024K, 4 young (4096K), 4 survivors (4096K)
 Metaspace       used 20467K, capacity 21147K, committed 21296K, reserved 1069056K
  class space    used 2332K, capacity 2612K, committed 2688K, reserved 1048576K
}
Event: 3.388 GC heap before
{Heap before GC invocations=6 (full 0):
 garbage-first heap   total 131072K, used 49760K [0x0000000081800000, 0x0000000100000000)
  region size 1024K, 43 young (44032K), 4 survivors (4096K)
 Metaspace       used 25884K, capacity 26717K, committed 26800K, reserved 1073152K
  class space    used 3167K, capacity 3510K, committed 3584K, reserved 1048576K
}
Event: 3.401 GC heap after
{Heap after GC invocations=7 (full 0):
 garbage-first heap   total 157696K, used 12501K [0x0000000081800000, 0x0000000100000000)
  region size 1024K, 4 young (4096K), 4 survivors (4096K)
 Metaspace       used 25884K, capacity 26717K, committed 26800K, reserved 1073152K
  class space    used 3167K, capacity 3510K, committed 3584K, reserved 1048576K
}
Event: 4.635 GC heap before
{Heap before GC invocations=7 (full 0):
 garbage-first heap   total 157696K, used 89301K [0x0000000081800000, 0x0000000100000000)
  region size 1024K, 79 young (80896K), 4 survivors (4096K)
 Metaspace       used 30652K, capacity 31664K, committed 31792K, reserved 1077248K
  class space    used 3792K, capacity 4201K, committed 4224K, reserved 1048576K
}
Event: 4.649 GC heap after
{Heap after GC invocations=8 (full 0):
 garbage-first heap   total 157696K, used 14684K [0x0000000081800000, 0x0000000100000000)
  region size 1024K, 6 young (6144K), 6 survivors (6144K)
 Metaspace       used 30652K, capacity 31664K, committed 31792K, reserved 1077248K
  class space    used 3792K, capacity 4201K, committed 4224K, reserved 1048576K
}
Event: 5.621 GC heap before
{Heap before GC invocations=8 (full 0):
 garbage-first heap   total 157696K, used 61788K [0x0000000081800000, 0x0000000100000000)
  region size 1024K, 53 young (54272K), 6 survivors (6144K)
 Metaspace       used 34753K, capacity 35866K, committed 35920K, reserved 1081344K
  class space    used 4395K, capacity 4847K, committed 4864K, reserved 1048576K
}
Event: 5.645 GC heap after
{Heap after GC invocations=9 (full 0):
 garbage-first heap   total 157696K, used 16661K [0x0000000081800000, 0x0000000100000000)
  region size 1024K, 8 young (8192K), 8 survivors (8192K)
 Metaspace       used 34753K, capacity 35866K, committed 35920K, reserved 1081344K
  class space    used 4395K, capacity 4847K, committed 4864K, reserved 1048576K
}
Event: 7.197 GC heap before
{Heap before GC invocations=10 (full 0):
 garbage-first heap   total 157696K, used 95509K [0x0000000081800000, 0x0000000100000000)
  region size 1024K, 85 young (87040K), 8 survivors (8192K)
 Metaspace       used 43467K, capacity 44853K, committed 44956K, reserved 1087488K
  class space    used 5628K, capacity 6202K, committed 6220K, reserved 1048576K
}
Event: 7.226 GC heap after
{Heap after GC invocations=11 (full 0):
 garbage-first heap   total 157696K, used 20210K [0x0000000081800000, 0x0000000100000000)
  region size 1024K, 8 young (8192K), 8 survivors (8192K)
 Metaspace       used 43467K, capacity 44853K, committed 44956K, reserved 1087488K
  class space    used 5628K, capacity 6202K, committed 6220K, reserved 1048576K
}

Deoptimization events (2 events):
Event: 4.747 Thread 0x000002659ad9d800 DEOPT PACKING pc=0x000002658904a0e4 sp=0x000000a98fbfcca0
Event: 4.747 Thread 0x000002659ad9d800 DEOPT UNPACKING pc=0x00000265886ea95e sp=0x000000a98fbfc208 mode 0

Classes redefined (0 events):
No events

Internal exceptions (20 events):
Event: 5.434 Thread 0x000002659ad9d800 Exception <a 'java/lang/ClassNotFoundException'{0x0000000088c76da8}: org/springframework/aop/framework/AopInfrastructureBeanCustomizer> (0x0000000088c76da8) thrown at [s\src\hotspot\share\classfile\systemDictionary.cpp, line 230]
Event: 5.464 Thread 0x000002659ad9d800 Exception <a 'java/lang/ClassNotFoundException'{0x0000000088b636a0}: java/lang/ObjectCustomizer> (0x0000000088b636a0) thrown at [s\src\hotspot\share\classfile\systemDictionary.cpp, line 230]
Event: 5.466 Thread 0x000002659ad9d800 Exception <a 'java/lang/ClassNotFoundException'{0x0000000088b81398}: org/springframework/transaction/annotation/AbstractTransactionManagementConfigurationCustomizer> (0x0000000088b81398) thrown at [s\src\hotspot\share\classfile\systemDictionary.cpp, line 230]
Event: 5.468 Thread 0x000002659ad9d800 Exception <a 'java/lang/ClassNotFoundException'{0x0000000088b9d510}: org/springframework/transaction/annotation/ProxyTransactionManagementConfigurationCustomizer> (0x0000000088b9d510) thrown at [s\src\hotspot\share\classfile\systemDictionary.cpp, line 230]
Event: 5.469 Thread 0x000002659ad9d800 Exception <a 'java/lang/ClassNotFoundException'{0x0000000088bb64e8}: org/springframework/context/annotation/ImportAwareCustomizer> (0x0000000088bb64e8) thrown at [s\src\hotspot\share\classfile\systemDictionary.cpp, line 230]
Event: 5.471 Thread 0x000002659ad9d800 Exception <a 'java/lang/ClassNotFoundException'{0x0000000088bca800}: org/springframework/beans/factory/AwareCustomizer> (0x0000000088bca800) thrown at [s\src\hotspot\share\classfile\systemDictionary.cpp, line 230]
Event: 5.685 Thread 0x000002659b0ca000 Exception <a 'java/lang/reflect/InvocationTargetException'{0x000000008b089ce0}> (0x000000008b089ce0) thrown at [s\src\hotspot\share\runtime\reflection.cpp, line 1245]
Event: 5.727 Thread 0x000002659ad9d800 Exception <a 'java/lang/NoSuchMethodError'{0x000000008ae15340}: 'void java.lang.invoke.DirectMethodHandle$Holder.invokeInterface(java.lang.Object, java.lang.Object, int)'> (0x000000008ae15340) thrown at [s\src\hotspot\share\interpreter\linkResolver.cpp, line 773]
Event: 5.734 Thread 0x000002659ad9d800 Exception <a 'java/lang/IncompatibleClassChangeError'{0x000000008ae60198}: Found class java.lang.Object, but interface was expected> (0x000000008ae60198) thrown at [s\src\hotspot\share\interpreter\linkResolver.cpp, line 839]
Event: 5.734 Thread 0x000002659ad9d800 Exception <a 'java/lang/NoSuchMethodError'{0x000000008ae65070}: 'void java.lang.invoke.DirectMethodHandle$Holder.invokeStatic(java.lang.Object, int, java.lang.Object)'> (0x000000008ae65070) thrown at [s\src\hotspot\share\interpreter\linkResolver.cpp, line 773]
Event: 6.065 Thread 0x000002659ad9d800 Exception <a 'sun/nio/fs/WindowsException'{0x0000000089d40e60}> (0x0000000089d40e60) thrown at [s\src\hotspot\share\prims\jni.cpp, line 617]
Event: 6.067 Thread 0x000002659ad9d800 Exception <a 'sun/nio/fs/WindowsException'{0x0000000089d46c70}> (0x0000000089d46c70) thrown at [s\src\hotspot\share\prims\jni.cpp, line 617]
Event: 6.067 Thread 0x000002659ad9d800 Exception <a 'sun/nio/fs/WindowsException'{0x0000000089d47348}> (0x0000000089d47348) thrown at [s\src\hotspot\share\prims\jni.cpp, line 617]
Event: 6.196 Thread 0x000002659b0ca000 Exception <a 'java/lang/reflect/InvocationTargetException'{0x00000000895096c8}> (0x00000000895096c8) thrown at [s\src\hotspot\share\runtime\reflection.cpp, line 1245]
Event: 6.207 Thread 0x000002659ad9d800 Exception <a 'java/io/FileNotFoundException'{0x000000008969bf78}> (0x000000008969bf78) thrown at [s\src\hotspot\share\prims\jni.cpp, line 617]
Event: 6.262 Thread 0x000002659ad9d800 Exception <a 'java/lang/NoSuchMethodError'{0x000000008930cab0}: 'int java.lang.invoke.DirectMethodHandle$Holder.invokeInterface(java.lang.Object, java.lang.Object, java.lang.Object, java.lang.Object)'> (0x000000008930cab0) thrown at [s\src\hotspot\share\interpreter\linkResolver.cpp, line 773]
Event: 6.352 Thread 0x000002659ad9d800 Exception <a 'java/lang/NoSuchMethodError'{0x00000000890fc240}: 'long java.lang.invoke.DirectMethodHandle$Holder.invokeVirtual(java.lang.Object, java.lang.Object)'> (0x00000000890fc240) thrown at [s\src\hotspot\share\interpreter\linkResolver.cpp, line 773]
Event: 6.358 Thread 0x000002659ad9d800 Exception <a 'java/io/FileNotFoundException'{0x0000000088f448c0}> (0x0000000088f448c0) thrown at [s\src\hotspot\share\prims\jni.cpp, line 617]
Event: 6.706 Thread 0x000002659b0ca000 Exception <a 'java/lang/reflect/InvocationTargetException'{0x0000000087408bf0}> (0x0000000087408bf0) thrown at [s\src\hotspot\share\runtime\reflection.cpp, line 1245]
Event: 7.235 Thread 0x000002659b0ca000 Exception <a 'java/lang/reflect/InvocationTargetException'{0x000000008b189e80}> (0x000000008b189e80) thrown at [s\src\hotspot\share\runtime\reflection.cpp, line 1245]

Events (20 events):
Event: 7.305 loading class com/mysql/cj/CharsetMapping done
Event: 7.307 loading class com/mysql/cj/MysqlCharset
Event: 7.307 loading class com/mysql/cj/MysqlCharset done
Event: 7.308 loading class com/mysql/cj/ServerVersion
Event: 7.308 loading class com/mysql/cj/ServerVersion done
Event: 7.309 loading class com/mysql/cj/MysqlCharset
Event: 7.309 loading class com/mysql/cj/MysqlCharset done
Event: 7.309 loading class java/nio/charset/Charset$ExtendedProviderHolder
Event: 7.309 loading class java/nio/charset/Charset$ExtendedProviderHolder done
Event: 7.309 loading class java/nio/charset/Charset$ExtendedProviderHolder$1
Event: 7.309 loading class java/nio/charset/Charset$ExtendedProviderHolder$1 done
Event: 7.317 loading class sun/nio/cs/GBK
Event: 7.317 loading class sun/nio/cs/GBK done
Event: 7.318 loading class sun/nio/cs/SJIS
Event: 7.319 loading class sun/nio/cs/SJIS done
Event: 7.320 loading class sun/nio/cs/MS932
Event: 7.320 loading class sun/nio/cs/MS932 done
Event: 7.321 Executing VM operation: CollectForMetadataAllocation
Event: 7.322 Executing VM operation: CollectForMetadataAllocation done
Event: 7.323 loading class sun/nio/cs/GB18030


Dynamic libraries:
0x00007ff733e20000 - 0x00007ff733e2d000 	C:\Users\Admin\.jdks\corretto-11.0.20.1\bin\java.exe
0x00007ff869210000 - 0x00007ff869408000 	C:\WINDOWS\SYSTEM32\ntdll.dll
0x00007ff867800000 - 0x00007ff8678bd000 	C:\WINDOWS\System32\KERNEL32.DLL
0x00007ff866990000 - 0x00007ff866c86000 	C:\WINDOWS\System32\KERNELBASE.dll
0x00007ff866fe0000 - 0x00007ff8670e0000 	C:\WINDOWS\System32\ucrtbase.dll
0x00007ff860d40000 - 0x00007ff860d59000 	C:\Users\Admin\.jdks\corretto-11.0.20.1\bin\VCRUNTIME140.dll
0x00007ff860d60000 - 0x00007ff860d77000 	C:\Users\Admin\.jdks\corretto-11.0.20.1\bin\jli.dll
0x00007ff85a550000 - 0x00007ff85a7ea000 	C:\WINDOWS\WinSxS\amd64_microsoft.windows.common-controls_6595b64144ccf1df_6.0.19041.1110_none_60b5254171f9507e\COMCTL32.dll
0x00007ff8686a0000 - 0x00007ff86883e000 	C:\WINDOWS\System32\USER32.dll
0x00007ff867bc0000 - 0x00007ff867c5e000 	C:\WINDOWS\System32\msvcrt.dll
0x00007ff866e00000 - 0x00007ff866e22000 	C:\WINDOWS\System32\win32u.dll
0x00007ff869040000 - 0x00007ff86906c000 	C:\WINDOWS\System32\GDI32.dll
0x00007ff867150000 - 0x00007ff86726a000 	C:\WINDOWS\System32\gdi32full.dll
0x00007ff8668f0000 - 0x00007ff86698d000 	C:\WINDOWS\System32\msvcp_win.dll
0x00007ff867d10000 - 0x00007ff867d40000 	C:\WINDOWS\System32\IMM32.DLL
0x00007ff860ca0000 - 0x00007ff860d3b000 	C:\Users\Admin\.jdks\corretto-11.0.20.1\bin\msvcp140.dll
0x00007ff825ad0000 - 0x00007ff82665b000 	C:\Users\Admin\.jdks\corretto-11.0.20.1\bin\server\jvm.dll
0x00007ff867270000 - 0x00007ff86731e000 	C:\WINDOWS\System32\ADVAPI32.dll
0x00007ff8690d0000 - 0x00007ff86916c000 	C:\WINDOWS\System32\sechost.dll
0x00007ff867320000 - 0x00007ff867446000 	C:\WINDOWS\System32\RPCRT4.dll
0x00007ff8678c0000 - 0x00007ff8678c8000 	C:\WINDOWS\System32\PSAPI.DLL
0x00007ff857b20000 - 0x00007ff857b29000 	C:\WINDOWS\SYSTEM32\WSOCK32.dll
0x00007ff867df0000 - 0x00007ff867e5b000 	C:\WINDOWS\System32\WS2_32.dll
0x00007ff85b4c0000 - 0x00007ff85b4e7000 	C:\WINDOWS\SYSTEM32\WINMM.dll
0x00007ff859c80000 - 0x00007ff859c8a000 	C:\WINDOWS\SYSTEM32\VERSION.dll
0x00007ff864780000 - 0x00007ff864792000 	C:\WINDOWS\SYSTEM32\kernel.appcore.dll
0x00007ff860c90000 - 0x00007ff860ca0000 	C:\Users\Admin\.jdks\corretto-11.0.20.1\bin\verify.dll
0x00007ff8499d0000 - 0x00007ff849bb4000 	C:\WINDOWS\SYSTEM32\DBGHELP.DLL
0x00007ff849970000 - 0x00007ff8499a4000 	C:\WINDOWS\SYSTEM32\dbgcore.DLL
0x00007ff866d70000 - 0x00007ff866df2000 	C:\WINDOWS\System32\bcryptPrimitives.dll
0x00007ff85ee10000 - 0x00007ff85ee38000 	C:\Users\Admin\.jdks\corretto-11.0.20.1\bin\java.dll
0x00007ff85ee00000 - 0x00007ff85ee0a000 	C:\Users\Admin\.jdks\corretto-11.0.20.1\bin\jimage.dll
0x00007ff85ef90000 - 0x00007ff85ef9e000 	C:\Users\Admin\.jdks\corretto-11.0.20.1\bin\instrument.dll
0x00007ff85b1c0000 - 0x00007ff85b1d8000 	C:\Users\Admin\.jdks\corretto-11.0.20.1\bin\zip.dll
0x00007ff868840000 - 0x00007ff868f85000 	C:\WINDOWS\System32\SHELL32.dll
0x00007ff864980000 - 0x00007ff86511b000 	C:\WINDOWS\SYSTEM32\windows.storage.dll
0x00007ff867e70000 - 0x00007ff8681c4000 	C:\WINDOWS\System32\combase.dll
0x00007ff866260000 - 0x00007ff86628e000 	C:\WINDOWS\SYSTEM32\Wldp.dll
0x00007ff868f90000 - 0x00007ff86903d000 	C:\WINDOWS\System32\SHCORE.dll
0x00007ff8681d0000 - 0x00007ff868225000 	C:\WINDOWS\System32\shlwapi.dll
0x00007ff866820000 - 0x00007ff866845000 	C:\WINDOWS\SYSTEM32\profapi.dll
0x00007ff85b1a0000 - 0x00007ff85b1b9000 	C:\Users\Admin\.jdks\corretto-11.0.20.1\bin\net.dll
0x00007ff85b8f0000 - 0x00007ff85b9fa000 	C:\WINDOWS\SYSTEM32\WINHTTP.dll
0x00007ff865fc0000 - 0x00007ff86602a000 	C:\WINDOWS\system32\mswsock.dll
0x00007ff85b180000 - 0x00007ff85b193000 	C:\Users\Admin\.jdks\corretto-11.0.20.1\bin\nio.dll
0x00007ff84f970000 - 0x00007ff84f98a000 	C:\Program Files\JetBrains\IntelliJ IDEA 2023.2\bin\breakgen64.dll
0x00007ff865cf0000 - 0x00007ff865dba000 	C:\WINDOWS\SYSTEM32\DNSAPI.dll
0x00007ff865cb0000 - 0x00007ff865ceb000 	C:\WINDOWS\SYSTEM32\IPHLPAPI.DLL
0x00007ff867e60000 - 0x00007ff867e68000 	C:\WINDOWS\System32\NSI.dll
0x00007ff85ada0000 - 0x00007ff85adaa000 	C:\Windows\System32\rasadhlp.dll
0x00007ff85abf0000 - 0x00007ff85ac72000 	C:\WINDOWS\System32\fwpuclnt.dll
0x00007ff866c90000 - 0x00007ff866cb7000 	C:\WINDOWS\System32\bcrypt.dll
0x00007ff85efd0000 - 0x00007ff85efd9000 	C:\Users\Admin\.jdks\corretto-11.0.20.1\bin\management.dll
0x00007ff85efc0000 - 0x00007ff85efcb000 	C:\Users\Admin\.jdks\corretto-11.0.20.1\bin\management_ext.dll
0x00007ff8661c0000 - 0x00007ff8661d8000 	C:\WINDOWS\SYSTEM32\CRYPTSP.dll
0x00007ff8658d0000 - 0x00007ff865904000 	C:\WINDOWS\system32\rsaenh.dll
0x00007ff8667e0000 - 0x00007ff86680e000 	C:\WINDOWS\SYSTEM32\USERENV.dll
0x00007ff8661b0000 - 0x00007ff8661bc000 	C:\WINDOWS\SYSTEM32\CRYPTBASE.dll
0x00007ff85bbf0000 - 0x00007ff85bc07000 	C:\WINDOWS\SYSTEM32\dhcpcsvc6.DLL
0x00007ff85d740000 - 0x00007ff85d75d000 	C:\WINDOWS\SYSTEM32\dhcpcsvc.DLL
0x00007ff82e610000 - 0x00007ff82e627000 	C:\WINDOWS\system32\napinsp.dll
0x00007ff82e5f0000 - 0x00007ff82e60b000 	C:\WINDOWS\system32\pnrpnsp.dll
0x00007ff862290000 - 0x00007ff8622ad000 	C:\WINDOWS\system32\NLAapi.dll
0x00007ff861230000 - 0x00007ff861245000 	C:\WINDOWS\system32\wshbth.dll
0x00007ff82e130000 - 0x00007ff82e142000 	C:\WINDOWS\System32\winrnr.dll
0x00007ff84e090000 - 0x00007ff84e09e000 	C:\Users\Admin\.jdks\corretto-11.0.20.1\bin\sunmscapi.dll
0x00007ff866e80000 - 0x00007ff866fde000 	C:\WINDOWS\System32\CRYPT32.dll
0x00007ff8662d0000 - 0x00007ff8662f8000 	C:\WINDOWS\SYSTEM32\ncrypt.dll
0x00007ff866290000 - 0x00007ff8662cb000 	C:\WINDOWS\SYSTEM32\NTASN1.dll
0x00007ff84d0b0000 - 0x00007ff84d0d5000 	C:\Users\Admin\.jdks\corretto-11.0.20.1\bin\sunec.dll

dbghelp: loaded successfully - version: 4.0.5 - missing functions: none
symbol engine: initialized successfully - sym options: 0x614 - pdb path: .;C:\Users\Admin\.jdks\corretto-11.0.20.1\bin;C:\WINDOWS\SYSTEM32;C:\WINDOWS\WinSxS\amd64_microsoft.windows.common-controls_6595b64144ccf1df_6.0.19041.1110_none_60b5254171f9507e;C:\Users\Admin\.jdks\corretto-11.0.20.1\bin\server;C:\Program Files\JetBrains\IntelliJ IDEA 2023.2\bin

VM Arguments:
jvm_args: -XX:TieredStopAtLevel=1 -Xverify:none -Dspring.output.ansi.enabled=always -Dcom.sun.management.jmxremote -Dspring.jmx.enabled=true -Dspring.liveBeansView.mbeanDomain -Dspring.application.admin.enabled=true -Dmanagement.endpoints.jmx.exposure.include=* -javaagent:C:\Program Files\JetBrains\IntelliJ IDEA 2023.2\lib\idea_rt.jar=56718:C:\Program Files\JetBrains\IntelliJ IDEA 2023.2\bin -Dfile.encoding=UTF-8 
java_command: com.fa.training.SpringBootJpaSecurityApplication
java_class_path (initial): E:\Workspace\Spring Boot\program\JSFW.L.A102\target\classes;C:\Users\Admin\.m2\repository\commons-beanutils\commons-beanutils\1.9.4\commons-beanutils-1.9.4.jar;C:\Users\Admin\.m2\repository\commons-logging\commons-logging\1.2\commons-logging-1.2.jar;C:\Users\Admin\.m2\repository\commons-collections\commons-collections\3.2.2\commons-collections-3.2.2.jar;C:\Users\Admin\.m2\repository\org\springframework\boot\spring-boot-starter-validation\3.1.0\spring-boot-starter-validation-3.1.0.jar;C:\Users\Admin\.m2\repository\org\springframework\boot\spring-boot-starter\2.7.15\spring-boot-starter-2.7.15.jar;C:\Users\Admin\.m2\repository\org\springframework\boot\spring-boot-starter-logging\2.7.15\spring-boot-starter-logging-2.7.15.jar;C:\Users\Admin\.m2\repository\ch\qos\logback\logback-classic\1.2.12\logback-classic-1.2.12.jar;C:\Users\Admin\.m2\repository\ch\qos\logback\logback-core\1.2.12\logback-core-1.2.12.jar;C:\Users\Admin\.m2\repository\org\apache\logging\log4j\log4j-to-slf4j\2.17.2\log4j-to-slf4j-2.17.2.jar;C:\Users\Admin\.m2\repository\org\apache\logging\log4j\log4j-api\2.17.2\log4j-api-2.17.2.jar;C:\Users\Admin\.m2\repository\org\slf4j\jul-to-slf4j\1.7.36\jul-to-slf4j-1.7.36.jar;C:\Users\Admin\.m2\repository\jakarta\annotation\jakarta.annotation-api\1.3.5\jakarta.annotation-api-1.3.5.jar;C:\Users\Admin\.m2\repository\org\yaml\snakeyaml\1.30\snakeyaml-1.30.jar;C:\Users\Admin\.m2\repository\org\apache\tomcat\embed\tomcat-embed-el\9.0.79\tomcat-embed-el-9.0.79.jar;C:\Users\Admin\.m2\repository\org\hibernate\validator\hibernate-validator\6.2.5.Final\hibernate-validator-6.2.5.Final.jar;C:\Users\Admin\.m2\repository\jakarta\validation\jakarta.validation-api\2.0.2\jakarta.validation-api-2.0.2.jar;C:\Users\Admin\.m2\repository\org\jboss\logging\jboss-logging\3.4.3.Final\jboss-logging-3.4.3.Final.jar;C:\Users\Admin\.m2\repository\com\fasterxml\classmate\1.5.1\classmate-1.5.1.jar;C:\Users\Admin\.m2\repository\org\springframework\boot\spring-boot-star
Launcher Type: SUN_STANDARD

[Global flags]
     bool BytecodeVerificationLocal                = false                                     {product} {command line}
     bool BytecodeVerificationRemote               = false                                     {product} {command line}
     intx CICompilerCount                          = 3                                         {product} {ergonomic}
     uint ConcGCThreads                            = 1                                         {product} {ergonomic}
     uint G1ConcRefinementThreads                  = 4                                         {product} {ergonomic}
   size_t G1HeapRegionSize                         = 1048576                                   {product} {ergonomic}
    uintx GCDrainStackTargetSize                   = 64                                        {product} {ergonomic}
   size_t InitialHeapSize                          = 134217728                                 {product} {ergonomic}
     bool ManagementServer                         = true                                      {product} {command line}
   size_t MarkStackSize                            = 4194304                                   {product} {ergonomic}
   size_t MaxHeapSize                              = 2122317824                                {product} {ergonomic}
   size_t MaxNewSize                               = 1272971264                                {product} {ergonomic}
   size_t MinHeapDeltaBytes                        = 1048576                                   {product} {ergonomic}
    uintx NonNMethodCodeHeapSize                   = 6973028                                {pd product} {ergonomic}
    uintx NonProfiledCodeHeapSize                  = 244685212                              {pd product} {ergonomic}
    uintx ProfiledCodeHeapSize                     = 0                                      {pd product} {ergonomic}
    uintx ReservedCodeCacheSize                    = 251658240                              {pd product} {ergonomic}
     bool SegmentedCodeCache                       = true                                      {product} {ergonomic}
     intx TieredStopAtLevel                        = 1                                         {product} {command line}
     bool UseCompressedClassPointers               = true                                 {lp64_product} {ergonomic}
     bool UseCompressedOops                        = true                                 {lp64_product} {ergonomic}
     bool UseG1GC                                  = true                                      {product} {ergonomic}
     bool UseLargePagesIndividualAllocation        = false                                  {pd product} {ergonomic}

Logging:
Log output configuration:
 #0: stdout all=warning uptime,level,tags
 #1: stderr all=off uptime,level,tags

Environment Variables:
PATH=C:\Program Files\Microsoft MPI\Bin\;C:\Program Files (x86)\Common Files\Oracle\Java\javapath;C:\Program Files (x86)\Siemens\Automation\SCADA-RT_V11\WinCC\Bin;C:\Program Files (x86)\Common Files\Siemens\Bin;C:\Program Files (x86)\Common Files\Siemens\CommonArchiving;C:\Program Files (x86)\Common Files\Siemens\ACE\Bin;C:\Program Files\Common Files\Siemens\Automation\Simatic OAM\bin;C:\WINDOWS\system32;C:\WINDOWS;C:\WINDOWS\System32\Wbem;C:\WINDOWS\System32\WindowsPowerShell\v1.0\;C:\WINDOWS\System32\OpenSSH\;C:\Program Files\dotnet\;C:\Program Files (x86)\Microsoft SQL Server\Client SDK\ODBC\110\Tools\Binn\;C:\Program Files (x86)\Microsoft SQL Server\120\Tools\Binn\;C:\Program Files (x86)\Microsoft SQL Server\120\DTS\Binn\;C:\MinGW\bin;C:\Program Files\Microsoft SQL Server\Client SDK\ODBC\170\Tools\Binn\;C:\Program Files\Azure Data Studio\bin;C:\Program Files\Git\cmd;C:\Program Files\apache-maven-3.9.2\bin;C:\Program Files\Eclipse Adoptium\jdk-17.0.6.10-hotspot;C:\Users\Admin\AppData\Local\Microsoft\WindowsApps;C:\Users\Admin\AppData\Local\Programs\Microsoft VS Code\bin;C:\Users\Admin\AppData\Roaming\Microsoft\Windows\Start Menu\Programs\Python 3.11;C:\Program Files\Azure Data Studio\bin;C:\Program Files\JetBrains\IntelliJ IDEA Community Edition 2023.1.1\bin;;C:\Program Files\apache-maven-3.9.2\bin;;C:\Program Files\JetBrains\IntelliJ IDEA 2023.2\bin;
USERNAME=Admin
OS=Windows_NT
PROCESSOR_IDENTIFIER=Intel64 Family 6 Model 58 Stepping 9, GenuineIntel
TMP=C:\Users\Admin\AppData\Local\Temp
TEMP=C:\Users\Admin\AppData\Local\Temp



---------------  S Y S T E M  ---------------

OS: Windows 10 , 64 bit Build 19041 (10.0.19041.3393)
OS uptime: 1 days 0:03 hours

CPU:total 4 (initial active 4) (2 cores per cpu, 2 threads per core) family 6 model 58 stepping 9 microcode 0x21, cmov, cx8, fxsr, mmx, sse, sse2, sse3, ssse3, sse4.1, sse4.2, popcnt, avx, clmul, erms, ht, tsc, tscinvbit, tscinv

Memory: 4k page, system-wide physical 8089M (785M free)
TotalPageFile size 8089M (AvailPageFile size 4M)
current process WorkingSet (physical memory assigned to process): 206M, peak: 206M
current process commit charge ("private bytes"): 291M, peak: 291M

vm_info: OpenJDK 64-Bit Server VM (11.0.20.1+9-LTS) for windows-amd64 JRE (11.0.20.1+9-LTS), built on Aug 19 2023 03:46:24 by "Administrator" with MS VC++ 15.9 (VS2017)

END.
