#
# There is insufficient memory for the Java Runtime Environment to continue.
# Native memory allocation (malloc) failed to allocate 1048576 bytes for AllocateHeap
# Possible reasons:
#   The system is out of physical RAM or swap space
#   The process is running with CompressedOops enabled, and the Java Heap may be blocking the growth of the native heap
# Possible solutions:
#   Reduce memory load on the system
#   Increase physical memory or swap space
#   Check if swap backing store is full
#   Decrease Java heap size (-Xmx/-Xms)
#   Decrease number of Java threads
#   Decrease Java thread stack sizes (-Xss)
#   Set larger code cache with -XX:ReservedCodeCacheSize=
#   JVM is running with Unscaled Compressed Oops mode in which the Java heap is
#     placed in the first 4GB address space. The Java Heap base address is the
#     maximum limit for the native heap growth. Please use -XX:HeapBaseMinAddress
#     to set the Java Heap base and to place the Java Heap above 4GB virtual address.
# This output file may be truncated or incomplete.
#
#  Out of Memory Error (allocation.cpp:46), pid=9624, tid=12208
#
# JRE version: OpenJDK Runtime Environment Corretto-11.0.20.9.1 (11.0.20.1+9) (build 11.0.20.1+9-LTS)
# Java VM: OpenJDK 64-Bit Server VM Corretto-11.0.20.9.1 (11.0.20.1+9-LTS, mixed mode, tiered, compressed oops, g1 gc, windows-amd64)
# No core dump will be written. Minidumps are not enabled by default on client versions of Windows
#

---------------  S U M M A R Y ------------

Command Line: -XX:TieredStopAtLevel=1 -Xverify:none -Dspring.output.ansi.enabled=always -Dcom.sun.management.jmxremote -Dspring.jmx.enabled=true -Dspring.liveBeansView.mbeanDomain -Dspring.application.admin.enabled=true -Dmanagement.endpoints.jmx.exposure.include=* -javaagent:C:\Program Files\JetBrains\IntelliJ IDEA 2023.2\lib\idea_rt.jar=56829:C:\Program Files\JetBrains\IntelliJ IDEA 2023.2\bin -Dfile.encoding=UTF-8 com.fa.training.SpringBootJpaSecurityApplication

Host: Intel(R) Core(TM) i3-3217U CPU @ 1.80GHz, 4 cores, 7G,  Windows 10 , 64 bit Build 19041 (10.0.19041.3393)
Time: Tue Sep 26 11:52:15 2023 SE Asia Standard Time elapsed time: 7.715304 seconds (0d 0h 0m 7s)

---------------  T H R E A D  ---------------

Current thread (0x00000220b0d8b000):  VMThread "VM Thread" [stack: 0x0000004afee00000,0x0000004afef00000] [id=12208]

Stack: [0x0000004afee00000,0x0000004afef00000]
[error occurred during error reporting (printing stack bounds), id 0xc0000005, EXCEPTION_ACCESS_VIOLATION (0xc0000005) at pc=0x000002209ad8112d]

Native frames: (J=compiled Java code, j=interpreted, Vv=VM code, C=native code)
V  [jvm.dll+0x62418a]
V  [jvm.dll+0x7b1d69]
V  [jvm.dll+0x7b3458]
V  [jvm.dll+0x7b3a95]
V  [jvm.dll+0x7b3a4b]
V  [jvm.dll+0x623517]
V  [jvm.dll+0x623c28]
C  [ntdll.dll+0xa221f]
C  [ntdll.dll+0x514b4]
C  [ntdll.dll+0xa0d2e]
C  0x000002209ad8112d

VM_Operation (0x0000004a801fcb00): CollectForMetadataAllocation, mode: safepoint, requested by thread 0x00000220b2de0000


---------------  P R O C E S S  ---------------

Threads class SMR info:
_java_thread_list=0x00000220b359b240, length=15, elements={
0x0000022092609800, 0x00000220b0db1000, 0x00000220b0dba800, 0x00000220b1732800,
0x00000220b1733800, 0x00000220b0dd1000, 0x00000220b0dd4800, 0x00000220b0ddf000,
0x00000220b1868800, 0x00000220b1c6a800, 0x00000220b1e3a800, 0x00000220b22e8000,
0x00000220b2d99800, 0x00000220b2d9d000, 0x00000220b2de0000
}

Java Threads: ( => current thread )
  0x0000022092609800 JavaThread "main" [_thread_blocked, id=7440, stack(0x0000004afe800000,0x0000004afe900000)]
  0x00000220b0db1000 JavaThread "Reference Handler" daemon [_thread_blocked, id=11588, stack(0x0000004afef00000,0x0000004aff000000)]
  0x00000220b0dba800 JavaThread "Finalizer" daemon [_thread_blocked, id=5428, stack(0x0000004aff000000,0x0000004aff100000)]
  0x00000220b1732800 JavaThread "Signal Dispatcher" daemon [_thread_blocked, id=8508, stack(0x0000004aff100000,0x0000004aff200000)]
  0x00000220b1733800 JavaThread "Attach Listener" daemon [_thread_blocked, id=6292, stack(0x0000004aff200000,0x0000004aff300000)]
  0x00000220b0dd1000 JavaThread "Service Thread" daemon [_thread_blocked, id=9040, stack(0x0000004aff300000,0x0000004aff400000)]
  0x00000220b0dd4800 JavaThread "C1 CompilerThread0" daemon [_thread_blocked, id=3996, stack(0x0000004aff400000,0x0000004aff500000)]
  0x00000220b0ddf000 JavaThread "Sweeper thread" daemon [_thread_blocked, id=6104, stack(0x0000004aff500000,0x0000004aff600000)]
  0x00000220b1868800 JavaThread "Common-Cleaner" daemon [_thread_blocked, id=2584, stack(0x0000004aff600000,0x0000004aff700000)]
  0x00000220b1c6a800 JavaThread "Monitor Ctrl-Break" daemon [_thread_in_native, id=1128, stack(0x0000004aff700000,0x0000004aff800000)]
  0x00000220b1e3a800 JavaThread "RMI TCP Accept-0" daemon [_thread_in_native, id=10068, stack(0x0000004aff800000,0x0000004aff900000)]
  0x00000220b22e8000 JavaThread "RMI TCP Connection(1)-192.168.139.181" daemon [_thread_in_native, id=732, stack(0x0000004affd00000,0x0000004affe00000)]
  0x00000220b2d99800 JavaThread "RMI Scheduler(0)" daemon [_thread_blocked, id=5596, stack(0x0000004affe00000,0x0000004afff00000)]
  0x00000220b2d9d000 JavaThread "Thread-0" [_thread_blocked, id=7988, stack(0x0000004a80000000,0x0000004a80100000)]
  0x00000220b2de0000 JavaThread "restartedMain" [_thread_blocked, id=5324, stack(0x0000004a80100000,0x0000004a80200000)]

Other Threads:
=>0x00000220b0d8b000 VMThread "VM Thread" [stack: 0x0000004afee00000,0x0000004afef00000] [id=12208]
  0x00000220b1e3f800 WatcherThread [stack: 0x0000004aff900000,0x0000004affa00000] [id=1332]
  0x0000022092622000 GCTaskThread "GC Thread#0" [stack: 0x0000004afe900000,0x0000004afea00000] [id=11068]
  0x00000220b1eb5000 GCTaskThread "GC Thread#1" [stack: 0x0000004affa00000,0x0000004affb00000] [id=3108]
  0x00000220b1f22000 GCTaskThread "GC Thread#2" [stack: 0x0000004affb00000,0x0000004affc00000] [id=800]
  0x00000220b2d9c000 GCTaskThread "GC Thread#3" [stack: 0x0000004a80200000,0x0000004a80300000] [id=7644]
  0x0000022092654000 ConcurrentGCThread "G1 Main Marker" [stack: 0x0000004afea00000,0x0000004afeb00000] [id=11544]
  0x0000022092655000 ConcurrentGCThread "G1 Conc#0" [stack: 0x0000004afeb00000,0x0000004afec00000] [id=9256]
  0x00000220926d5800 ConcurrentGCThread "G1 Refine#0" [stack: 0x0000004afec00000,0x0000004afed00000] [id=2388]
  0x00000220b1a3f000 ConcurrentGCThread "G1 Refine#1" [stack: 0x0000004affc00000,0x0000004affd00000] [id=10956]
  0x00000220926d8800 ConcurrentGCThread "G1 Young RemSet Sampling" [stack: 0x0000004afed00000,0x0000004afee00000] [id=4988]

Threads with active compile tasks:

VM state:at safepoint (normal execution)

VM Mutex/Monitor currently owned by a thread:  ([mutex/lock_event])
[0x0000022092606b60] Threads_lock - owner thread: 0x00000220b0d8b000
[0x00000220926059f0] Heap_lock - owner thread: 0x00000220b2de0000

Heap address: 0x0000000081800000, size: 2024 MB, Compressed Oops mode: 32-bit
Narrow klass base: 0x0000000000000000, Narrow klass shift: 3
Compressed class space size: 1073741824 Address: 0x0000000100000000

Heap:
 garbage-first heap   total 157696K, used 18546K [0x0000000081800000, 0x0000000100000000)
  region size 1024K, 8 young (8192K), 8 survivors (8192K)
 Metaspace       used 37001K, capacity 38299K, committed 38428K, reserved 1091584K
  class space    used 4683K, capacity 5235K, committed 5324K, reserved 1048576K
Heap Regions: E=young(eden), S=young(survivor), O=old, HS=humongous(starts), HC=humongous(continues), CS=collection set, F=free, A=archive, TAMS=top-at-mark-start (previous, next)
|   0|0x0000000081800000, 0x0000000081900000, 0x0000000081900000|100%|HS|  |TAMS 0x0000000081900000, 0x0000000081900000| Complete 
|   1|0x0000000081900000, 0x0000000081a00000, 0x0000000081a00000|100%| O|  |TAMS 0x0000000081a00000, 0x0000000081a00000| Untracked 
|   2|0x0000000081a00000, 0x0000000081b00000, 0x0000000081b00000|100%| O|  |TAMS 0x0000000081b00000, 0x0000000081b00000| Untracked 
|   3|0x0000000081b00000, 0x0000000081c00000, 0x0000000081c00000|100%| O|  |TAMS 0x0000000081c00000, 0x0000000081c00000| Untracked 
|   4|0x0000000081c00000, 0x0000000081d00000, 0x0000000081d00000|100%| O|  |TAMS 0x0000000081d00000, 0x0000000081d00000| Untracked 
|   5|0x0000000081d00000, 0x0000000081e00000, 0x0000000081e00000|100%| O|  |TAMS 0x0000000081e00000, 0x0000000081e00000| Untracked 
|   6|0x0000000081e00000, 0x0000000081f00000, 0x0000000081f00000|100%| O|  |TAMS 0x0000000081f00000, 0x0000000081f00000| Untracked 
|   7|0x0000000081f00000, 0x0000000082000000, 0x0000000082000000|100%| O|  |TAMS 0x0000000082000000, 0x0000000082000000| Untracked 
|   8|0x0000000082000000, 0x0000000082100000, 0x0000000082100000|100%| O|  |TAMS 0x00000000820fd800, 0x0000000082100000| Untracked 
|   9|0x0000000082100000, 0x0000000082200000, 0x0000000082200000|100%| O|  |TAMS 0x0000000082100000, 0x0000000082200000| Untracked 
|  10|0x0000000082200000, 0x000000008221c800, 0x0000000082300000| 11%| O|  |TAMS 0x0000000082200000, 0x000000008221c800| Untracked 
|  11|0x0000000082300000, 0x0000000082300000, 0x0000000082400000|  0%| F|  |TAMS 0x0000000082300000, 0x0000000082300000| Untracked 
|  12|0x0000000082400000, 0x0000000082400000, 0x0000000082500000|  0%| F|  |TAMS 0x0000000082400000, 0x0000000082400000| Untracked 
|  13|0x0000000082500000, 0x0000000082500000, 0x0000000082600000|  0%| F|  |TAMS 0x0000000082500000, 0x0000000082500000| Untracked 
|  14|0x0000000082600000, 0x0000000082600000, 0x0000000082700000|  0%| F|  |TAMS 0x0000000082600000, 0x0000000082600000| Untracked 
|  15|0x0000000082700000, 0x0000000082700000, 0x0000000082800000|  0%| F|  |TAMS 0x0000000082700000, 0x0000000082700000| Untracked 
|  16|0x0000000082800000, 0x0000000082800000, 0x0000000082900000|  0%| F|  |TAMS 0x0000000082800000, 0x0000000082800000| Untracked 
|  17|0x0000000082900000, 0x0000000082900000, 0x0000000082a00000|  0%| F|  |TAMS 0x0000000082900000, 0x0000000082900000| Untracked 
|  18|0x0000000082a00000, 0x0000000082a00000, 0x0000000082b00000|  0%| F|  |TAMS 0x0000000082a00000, 0x0000000082a00000| Untracked 
|  19|0x0000000082b00000, 0x0000000082b00000, 0x0000000082c00000|  0%| F|  |TAMS 0x0000000082b00000, 0x0000000082b00000| Untracked 
|  20|0x0000000082c00000, 0x0000000082c00000, 0x0000000082d00000|  0%| F|  |TAMS 0x0000000082c00000, 0x0000000082c00000| Untracked 
|  21|0x0000000082d00000, 0x0000000082d00000, 0x0000000082e00000|  0%| F|  |TAMS 0x0000000082d00000, 0x0000000082d00000| Untracked 
|  22|0x0000000082e00000, 0x0000000082e00000, 0x0000000082f00000|  0%| F|  |TAMS 0x0000000082e00000, 0x0000000082e00000| Untracked 
|  23|0x0000000082f00000, 0x0000000082f00000, 0x0000000083000000|  0%| F|  |TAMS 0x0000000082f00000, 0x0000000082f00000| Untracked 
|  24|0x0000000083000000, 0x0000000083000000, 0x0000000083100000|  0%| F|  |TAMS 0x0000000083000000, 0x0000000083000000| Untracked 
|  25|0x0000000083100000, 0x0000000083100000, 0x0000000083200000|  0%| F|  |TAMS 0x0000000083100000, 0x0000000083100000| Untracked 
|  26|0x0000000083200000, 0x0000000083200000, 0x0000000083300000|  0%| F|  |TAMS 0x0000000083200000, 0x0000000083200000| Untracked 
|  27|0x0000000083300000, 0x0000000083300000, 0x0000000083400000|  0%| F|  |TAMS 0x0000000083300000, 0x0000000083300000| Untracked 
|  28|0x0000000083400000, 0x0000000083400000, 0x0000000083500000|  0%| F|  |TAMS 0x0000000083400000, 0x0000000083400000| Untracked 
|  29|0x0000000083500000, 0x0000000083500000, 0x0000000083600000|  0%| F|  |TAMS 0x0000000083500000, 0x0000000083500000| Untracked 
|  30|0x0000000083600000, 0x0000000083600000, 0x0000000083700000|  0%| F|  |TAMS 0x0000000083600000, 0x0000000083600000| Untracked 
|  31|0x0000000083700000, 0x0000000083700000, 0x0000000083800000|  0%| F|  |TAMS 0x0000000083700000, 0x0000000083700000| Untracked 
|  32|0x0000000083800000, 0x0000000083800000, 0x0000000083900000|  0%| F|  |TAMS 0x0000000083800000, 0x0000000083800000| Untracked 
|  33|0x0000000083900000, 0x0000000083900000, 0x0000000083a00000|  0%| F|  |TAMS 0x0000000083900000, 0x0000000083900000| Untracked 
|  34|0x0000000083a00000, 0x0000000083a00000, 0x0000000083b00000|  0%| F|  |TAMS 0x0000000083a00000, 0x0000000083a00000| Untracked 
|  35|0x0000000083b00000, 0x0000000083b00000, 0x0000000083c00000|  0%| F|  |TAMS 0x0000000083b00000, 0x0000000083b00000| Untracked 
|  36|0x0000000083c00000, 0x0000000083c00000, 0x0000000083d00000|  0%| F|  |TAMS 0x0000000083c00000, 0x0000000083c00000| Untracked 
|  37|0x0000000083d00000, 0x0000000083d00000, 0x0000000083e00000|  0%| F|  |TAMS 0x0000000083d00000, 0x0000000083d00000| Untracked 
|  38|0x0000000083e00000, 0x0000000083e00000, 0x0000000083f00000|  0%| F|  |TAMS 0x0000000083e00000, 0x0000000083e00000| Untracked 
|  39|0x0000000083f00000, 0x0000000083f00000, 0x0000000084000000|  0%| F|  |TAMS 0x0000000083f00000, 0x0000000083f00000| Untracked 
|  40|0x0000000084000000, 0x0000000084000000, 0x0000000084100000|  0%| F|  |TAMS 0x0000000084000000, 0x0000000084000000| Untracked 
|  41|0x0000000084100000, 0x0000000084100000, 0x0000000084200000|  0%| F|  |TAMS 0x0000000084100000, 0x0000000084100000| Untracked 
|  42|0x0000000084200000, 0x0000000084200000, 0x0000000084300000|  0%| F|  |TAMS 0x0000000084200000, 0x0000000084200000| Untracked 
|  43|0x0000000084300000, 0x0000000084300000, 0x0000000084400000|  0%| F|  |TAMS 0x0000000084300000, 0x0000000084300000| Untracked 
|  44|0x0000000084400000, 0x0000000084400000, 0x0000000084500000|  0%| F|  |TAMS 0x0000000084400000, 0x0000000084400000| Untracked 
|  45|0x0000000084500000, 0x0000000084500000, 0x0000000084600000|  0%| F|  |TAMS 0x0000000084500000, 0x0000000084500000| Untracked 
|  46|0x0000000084600000, 0x0000000084600000, 0x0000000084700000|  0%| F|  |TAMS 0x0000000084600000, 0x0000000084600000| Untracked 
|  47|0x0000000084700000, 0x0000000084700000, 0x0000000084800000|  0%| F|  |TAMS 0x0000000084700000, 0x0000000084700000| Untracked 
|  48|0x0000000084800000, 0x0000000084800000, 0x0000000084900000|  0%| F|  |TAMS 0x0000000084800000, 0x0000000084800000| Untracked 
|  49|0x0000000084900000, 0x0000000084900000, 0x0000000084a00000|  0%| F|  |TAMS 0x0000000084900000, 0x0000000084900000| Untracked 
|  50|0x0000000084a00000, 0x0000000084a00000, 0x0000000084b00000|  0%| F|  |TAMS 0x0000000084a00000, 0x0000000084a00000| Untracked 
|  51|0x0000000084b00000, 0x0000000084b00000, 0x0000000084c00000|  0%| F|  |TAMS 0x0000000084b00000, 0x0000000084b00000| Untracked 
|  52|0x0000000084c00000, 0x0000000084c00000, 0x0000000084d00000|  0%| F|  |TAMS 0x0000000084c00000, 0x0000000084c00000| Untracked 
|  53|0x0000000084d00000, 0x0000000084d00000, 0x0000000084e00000|  0%| F|  |TAMS 0x0000000084d00000, 0x0000000084d00000| Untracked 
|  54|0x0000000084e00000, 0x0000000084e00000, 0x0000000084f00000|  0%| F|  |TAMS 0x0000000084e00000, 0x0000000084e00000| Untracked 
|  55|0x0000000084f00000, 0x0000000084f00000, 0x0000000085000000|  0%| F|  |TAMS 0x0000000084f00000, 0x0000000084f00000| Untracked 
|  56|0x0000000085000000, 0x0000000085000000, 0x0000000085100000|  0%| F|  |TAMS 0x0000000085000000, 0x0000000085000000| Untracked 
|  57|0x0000000085100000, 0x0000000085100000, 0x0000000085200000|  0%| F|  |TAMS 0x0000000085100000, 0x0000000085100000| Untracked 
|  58|0x0000000085200000, 0x0000000085200000, 0x0000000085300000|  0%| F|  |TAMS 0x0000000085200000, 0x0000000085200000| Untracked 
|  59|0x0000000085300000, 0x0000000085300000, 0x0000000085400000|  0%| F|  |TAMS 0x0000000085300000, 0x0000000085300000| Untracked 
|  60|0x0000000085400000, 0x0000000085400000, 0x0000000085500000|  0%| F|  |TAMS 0x0000000085400000, 0x0000000085400000| Untracked 
|  61|0x0000000085500000, 0x0000000085500000, 0x0000000085600000|  0%| F|  |TAMS 0x0000000085500000, 0x0000000085500000| Untracked 
|  62|0x0000000085600000, 0x0000000085600000, 0x0000000085700000|  0%| F|  |TAMS 0x0000000085600000, 0x0000000085600000| Untracked 
|  63|0x0000000085700000, 0x0000000085700000, 0x0000000085800000|  0%| F|  |TAMS 0x0000000085700000, 0x0000000085700000| Untracked 
|  64|0x0000000085800000, 0x0000000085800000, 0x0000000085900000|  0%| F|  |TAMS 0x0000000085800000, 0x0000000085800000| Untracked 
|  65|0x0000000085900000, 0x0000000085900000, 0x0000000085a00000|  0%| F|  |TAMS 0x0000000085900000, 0x0000000085900000| Untracked 
|  66|0x0000000085a00000, 0x0000000085a00000, 0x0000000085b00000|  0%| F|  |TAMS 0x0000000085a00000, 0x0000000085a00000| Untracked 
|  67|0x0000000085b00000, 0x0000000085b00000, 0x0000000085c00000|  0%| F|  |TAMS 0x0000000085b00000, 0x0000000085b00000| Untracked 
|  68|0x0000000085c00000, 0x0000000085c00000, 0x0000000085d00000|  0%| F|  |TAMS 0x0000000085c00000, 0x0000000085c00000| Untracked 
|  69|0x0000000085d00000, 0x0000000085d00000, 0x0000000085e00000|  0%| F|  |TAMS 0x0000000085d00000, 0x0000000085d00000| Untracked 
|  70|0x0000000085e00000, 0x0000000085e00000, 0x0000000085f00000|  0%| F|  |TAMS 0x0000000085e00000, 0x0000000085e00000| Untracked 
|  71|0x0000000085f00000, 0x0000000085f00000, 0x0000000086000000|  0%| F|  |TAMS 0x0000000085f00000, 0x0000000085f00000| Untracked 
|  72|0x0000000086000000, 0x0000000086000000, 0x0000000086100000|  0%| F|  |TAMS 0x0000000086000000, 0x0000000086000000| Untracked 
|  73|0x0000000086100000, 0x0000000086100000, 0x0000000086200000|  0%| F|  |TAMS 0x0000000086100000, 0x0000000086100000| Untracked 
|  74|0x0000000086200000, 0x0000000086200000, 0x0000000086300000|  0%| F|  |TAMS 0x0000000086200000, 0x0000000086200000| Untracked 
|  75|0x0000000086300000, 0x0000000086300000, 0x0000000086400000|  0%| F|  |TAMS 0x0000000086300000, 0x0000000086300000| Untracked 
|  76|0x0000000086400000, 0x0000000086400000, 0x0000000086500000|  0%| F|  |TAMS 0x0000000086400000, 0x0000000086400000| Untracked 
|  77|0x0000000086500000, 0x0000000086500000, 0x0000000086600000|  0%| F|  |TAMS 0x0000000086500000, 0x0000000086500000| Untracked 
|  78|0x0000000086600000, 0x0000000086600000, 0x0000000086700000|  0%| F|  |TAMS 0x0000000086600000, 0x0000000086600000| Untracked 
|  79|0x0000000086700000, 0x0000000086700000, 0x0000000086800000|  0%| F|  |TAMS 0x0000000086700000, 0x0000000086700000| Untracked 
|  80|0x0000000086800000, 0x0000000086800000, 0x0000000086900000|  0%| F|  |TAMS 0x0000000086800000, 0x0000000086800000| Untracked 
|  81|0x0000000086900000, 0x0000000086900000, 0x0000000086a00000|  0%| F|  |TAMS 0x0000000086900000, 0x0000000086900000| Untracked 
|  82|0x0000000086a00000, 0x0000000086a00000, 0x0000000086b00000|  0%| F|  |TAMS 0x0000000086a00000, 0x0000000086a00000| Untracked 
|  83|0x0000000086b00000, 0x0000000086b00000, 0x0000000086c00000|  0%| F|  |TAMS 0x0000000086b00000, 0x0000000086b00000| Untracked 
|  84|0x0000000086c00000, 0x0000000086c00000, 0x0000000086d00000|  0%| F|  |TAMS 0x0000000086c00000, 0x0000000086c00000| Untracked 
|  85|0x0000000086d00000, 0x0000000086d00000, 0x0000000086e00000|  0%| F|  |TAMS 0x0000000086d00000, 0x0000000086d00000| Untracked 
|  86|0x0000000086e00000, 0x0000000086e00000, 0x0000000086f00000|  0%| F|  |TAMS 0x0000000086e00000, 0x0000000086e00000| Untracked 
|  87|0x0000000086f00000, 0x0000000086f00000, 0x0000000087000000|  0%| F|  |TAMS 0x0000000086f00000, 0x0000000086f00000| Untracked 
|  88|0x0000000087000000, 0x0000000087000000, 0x0000000087100000|  0%| F|  |TAMS 0x0000000087000000, 0x0000000087000000| Untracked 
|  89|0x0000000087100000, 0x0000000087100000, 0x0000000087200000|  0%| F|  |TAMS 0x0000000087100000, 0x0000000087100000| Untracked 
|  90|0x0000000087200000, 0x0000000087200000, 0x0000000087300000|  0%| F|  |TAMS 0x0000000087200000, 0x0000000087200000| Untracked 
|  91|0x0000000087300000, 0x0000000087300000, 0x0000000087400000|  0%| F|  |TAMS 0x0000000087300000, 0x0000000087300000| Untracked 
|  92|0x0000000087400000, 0x0000000087400000, 0x0000000087500000|  0%| F|  |TAMS 0x0000000087400000, 0x0000000087400000| Untracked 
|  93|0x0000000087500000, 0x0000000087500000, 0x0000000087600000|  0%| F|  |TAMS 0x0000000087500000, 0x0000000087500000| Untracked 
|  94|0x0000000087600000, 0x0000000087600000, 0x0000000087700000|  0%| F|  |TAMS 0x0000000087600000, 0x0000000087600000| Untracked 
|  95|0x0000000087700000, 0x0000000087700000, 0x0000000087800000|  0%| F|  |TAMS 0x0000000087700000, 0x0000000087700000| Untracked 
|  96|0x0000000087800000, 0x0000000087800000, 0x0000000087900000|  0%| F|  |TAMS 0x0000000087800000, 0x0000000087800000| Untracked 
|  97|0x0000000087900000, 0x0000000087900000, 0x0000000087a00000|  0%| F|  |TAMS 0x0000000087900000, 0x0000000087900000| Untracked 
|  98|0x0000000087a00000, 0x0000000087a00000, 0x0000000087b00000|  0%| F|  |TAMS 0x0000000087a00000, 0x0000000087a00000| Untracked 
|  99|0x0000000087b00000, 0x0000000087b00000, 0x0000000087c00000|  0%| F|  |TAMS 0x0000000087b00000, 0x0000000087b00000| Untracked 
| 100|0x0000000087c00000, 0x0000000087c00000, 0x0000000087d00000|  0%| F|  |TAMS 0x0000000087c00000, 0x0000000087c00000| Untracked 
| 101|0x0000000087d00000, 0x0000000087d00000, 0x0000000087e00000|  0%| F|  |TAMS 0x0000000087d00000, 0x0000000087d00000| Untracked 
| 102|0x0000000087e00000, 0x0000000087e00000, 0x0000000087f00000|  0%| F|  |TAMS 0x0000000087e00000, 0x0000000087e00000| Untracked 
| 103|0x0000000087f00000, 0x0000000087f00000, 0x0000000088000000|  0%| F|  |TAMS 0x0000000087f00000, 0x0000000087f00000| Untracked 
| 104|0x0000000088000000, 0x0000000088000000, 0x0000000088100000|  0%| F|  |TAMS 0x0000000088000000, 0x0000000088000000| Untracked 
| 105|0x0000000088100000, 0x0000000088100000, 0x0000000088200000|  0%| F|  |TAMS 0x0000000088100000, 0x0000000088100000| Untracked 
| 106|0x0000000088200000, 0x0000000088200000, 0x0000000088300000|  0%| F|  |TAMS 0x0000000088200000, 0x0000000088200000| Untracked 
| 107|0x0000000088300000, 0x0000000088300000, 0x0000000088400000|  0%| F|  |TAMS 0x0000000088300000, 0x0000000088300000| Untracked 
| 108|0x0000000088400000, 0x0000000088400000, 0x0000000088500000|  0%| F|  |TAMS 0x0000000088400000, 0x0000000088400000| Untracked 
| 109|0x0000000088500000, 0x0000000088500000, 0x0000000088600000|  0%| F|  |TAMS 0x0000000088500000, 0x0000000088500000| Untracked 
| 110|0x0000000088600000, 0x0000000088600000, 0x0000000088700000|  0%| F|  |TAMS 0x0000000088600000, 0x0000000088600000| Untracked 
| 111|0x0000000088700000, 0x0000000088700000, 0x0000000088800000|  0%| F|  |TAMS 0x0000000088700000, 0x0000000088700000| Untracked 
| 112|0x0000000088800000, 0x0000000088800000, 0x0000000088900000|  0%| F|  |TAMS 0x0000000088800000, 0x0000000088800000| Untracked 
| 113|0x0000000088900000, 0x0000000088900000, 0x0000000088a00000|  0%| F|  |TAMS 0x0000000088900000, 0x0000000088900000| Untracked 
| 114|0x0000000088a00000, 0x0000000088a00000, 0x0000000088b00000|  0%| F|  |TAMS 0x0000000088a00000, 0x0000000088a00000| Untracked 
| 115|0x0000000088b00000, 0x0000000088b00000, 0x0000000088c00000|  0%| F|  |TAMS 0x0000000088b00000, 0x0000000088b00000| Untracked 
| 116|0x0000000088c00000, 0x0000000088c00000, 0x0000000088d00000|  0%| F|  |TAMS 0x0000000088c00000, 0x0000000088c00000| Untracked 
| 117|0x0000000088d00000, 0x0000000088d00000, 0x0000000088e00000|  0%| F|  |TAMS 0x0000000088d00000, 0x0000000088d00000| Untracked 
| 118|0x0000000088e00000, 0x0000000088e00000, 0x0000000088f00000|  0%| F|  |TAMS 0x0000000088e00000, 0x0000000088e00000| Untracked 
| 119|0x0000000088f00000, 0x0000000088f00000, 0x0000000089000000|  0%| F|  |TAMS 0x0000000088f00000, 0x0000000088f00000| Untracked 
| 120|0x0000000089000000, 0x0000000089000000, 0x0000000089100000|  0%| F|  |TAMS 0x0000000089000000, 0x0000000089000000| Untracked 
| 121|0x0000000089100000, 0x0000000089100000, 0x0000000089200000|  0%| F|  |TAMS 0x0000000089100000, 0x0000000089100000| Untracked 
| 122|0x0000000089200000, 0x0000000089200000, 0x0000000089300000|  0%| F|  |TAMS 0x0000000089200000, 0x0000000089200000| Untracked 
| 123|0x0000000089300000, 0x0000000089300000, 0x0000000089400000|  0%| F|  |TAMS 0x0000000089300000, 0x0000000089300000| Untracked 
| 124|0x0000000089400000, 0x0000000089500000, 0x0000000089500000|100%| S|CS|TAMS 0x0000000089400000, 0x0000000089400000| Complete 
| 125|0x0000000089500000, 0x0000000089600000, 0x0000000089600000|100%| S|CS|TAMS 0x0000000089500000, 0x0000000089500000| Complete 
| 126|0x0000000089600000, 0x0000000089700000, 0x0000000089700000|100%| S|CS|TAMS 0x0000000089600000, 0x0000000089600000| Complete 
| 127|0x0000000089700000, 0x0000000089800000, 0x0000000089800000|100%| S|CS|TAMS 0x0000000089700000, 0x0000000089700000| Complete 
| 128|0x0000000089800000, 0x0000000089900000, 0x0000000089900000|100%| S|CS|TAMS 0x0000000089800000, 0x0000000089800000| Complete 
| 129|0x0000000089900000, 0x0000000089a00000, 0x0000000089a00000|100%| S|CS|TAMS 0x0000000089900000, 0x0000000089900000| Complete 
| 130|0x0000000089a00000, 0x0000000089b00000, 0x0000000089b00000|100%| S|CS|TAMS 0x0000000089a00000, 0x0000000089a00000| Complete 
| 131|0x0000000089b00000, 0x0000000089c00000, 0x0000000089c00000|100%| S|CS|TAMS 0x0000000089b00000, 0x0000000089b00000| Complete 
| 132|0x0000000089c00000, 0x0000000089c00000, 0x0000000089d00000|  0%| F|  |TAMS 0x0000000089c00000, 0x0000000089c00000| Untracked 
| 133|0x0000000089d00000, 0x0000000089d00000, 0x0000000089e00000|  0%| F|  |TAMS 0x0000000089d00000, 0x0000000089d00000| Untracked 
| 134|0x0000000089e00000, 0x0000000089e00000, 0x0000000089f00000|  0%| F|  |TAMS 0x0000000089e00000, 0x0000000089e00000| Untracked 
| 135|0x0000000089f00000, 0x0000000089f00000, 0x000000008a000000|  0%| F|  |TAMS 0x0000000089f00000, 0x0000000089f00000| Untracked 
| 136|0x000000008a000000, 0x000000008a000000, 0x000000008a100000|  0%| F|  |TAMS 0x000000008a000000, 0x000000008a000000| Untracked 
| 137|0x000000008a100000, 0x000000008a100000, 0x000000008a200000|  0%| F|  |TAMS 0x000000008a100000, 0x000000008a100000| Untracked 
| 138|0x000000008a200000, 0x000000008a200000, 0x000000008a300000|  0%| F|  |TAMS 0x000000008a200000, 0x000000008a200000| Untracked 
| 139|0x000000008a300000, 0x000000008a300000, 0x000000008a400000|  0%| F|  |TAMS 0x000000008a300000, 0x000000008a300000| Untracked 
| 140|0x000000008a400000, 0x000000008a400000, 0x000000008a500000|  0%| F|  |TAMS 0x000000008a400000, 0x000000008a400000| Untracked 
| 141|0x000000008a500000, 0x000000008a500000, 0x000000008a600000|  0%| F|  |TAMS 0x000000008a500000, 0x000000008a500000| Untracked 
| 142|0x000000008a600000, 0x000000008a600000, 0x000000008a700000|  0%| F|  |TAMS 0x000000008a600000, 0x000000008a600000| Untracked 
| 143|0x000000008a700000, 0x000000008a700000, 0x000000008a800000|  0%| F|  |TAMS 0x000000008a700000, 0x000000008a700000| Untracked 
| 144|0x000000008a800000, 0x000000008a800000, 0x000000008a900000|  0%| F|  |TAMS 0x000000008a800000, 0x000000008a800000| Untracked 
| 145|0x000000008a900000, 0x000000008a900000, 0x000000008aa00000|  0%| F|  |TAMS 0x000000008a900000, 0x000000008a900000| Untracked 
| 146|0x000000008aa00000, 0x000000008aa00000, 0x000000008ab00000|  0%| F|  |TAMS 0x000000008aa00000, 0x000000008aa00000| Untracked 
| 147|0x000000008ab00000, 0x000000008ab00000, 0x000000008ac00000|  0%| F|  |TAMS 0x000000008ab00000, 0x000000008ab00000| Untracked 
| 148|0x000000008ac00000, 0x000000008ac00000, 0x000000008ad00000|  0%| F|  |TAMS 0x000000008ac00000, 0x000000008ac00000| Untracked 
| 149|0x000000008ad00000, 0x000000008ad00000, 0x000000008ae00000|  0%| F|  |TAMS 0x000000008ad00000, 0x000000008ad00000| Untracked 
| 150|0x000000008ae00000, 0x000000008ae00000, 0x000000008af00000|  0%| F|  |TAMS 0x000000008ae00000, 0x000000008ae00000| Untracked 
| 151|0x000000008af00000, 0x000000008af00000, 0x000000008b000000|  0%| F|  |TAMS 0x000000008af00000, 0x000000008af00000| Untracked 
| 152|0x000000008b000000, 0x000000008b000000, 0x000000008b100000|  0%| F|  |TAMS 0x000000008b000000, 0x000000008b000000| Untracked 
| 153|0x000000008b100000, 0x000000008b100000, 0x000000008b200000|  0%| F|  |TAMS 0x000000008b100000, 0x000000008b100000| Untracked 

Card table byte_map: [0x00000220aa180000,0x00000220aa580000] _byte_map_base: 0x00000220a9d74000

Marking Bits (Prev, Next): (CMBitMap*) 0x000002209264b068, (CMBitMap*) 0x000002209264b0a0
 Prev Bits: [0x00000220aa980000, 0x00000220ac920000)
 Next Bits: [0x00000220ac920000, 0x00000220ae8c0000)

Polling page: 0x0000022091de0000

Metaspace:

Usage:
  Non-class:     32.29 MB capacity,    31.56 MB ( 98%) used,   600.48 KB (  2%) free+waste,   145.56 KB ( <1%) overhead. 
      Class:      5.11 MB capacity,     4.57 MB ( 89%) used,   478.07 KB (  9%) free+waste,    73.63 KB (  1%) overhead. 
       Both:     37.40 MB capacity,    36.13 MB ( 97%) used,     1.05 MB (  3%) free+waste,   219.19 KB ( <1%) overhead. 

Virtual space:
  Non-class space:       42.00 MB reserved,      32.33 MB ( 77%) committed 
      Class space:        1.00 GB reserved,       5.20 MB ( <1%) committed 
             Both:        1.04 GB reserved,      37.53 MB (  4%) committed 

Chunk freelists:
   Non-Class:  40.00 KB
       Class:  13.00 KB
        Both:  53.00 KB

MaxMetaspaceSize: 17179869184.00 GB
CompressedClassSpaceSize: 1.00 GB
Initial GC threshold: 20.80 MB
Current GC threshold: 59.33 MB
CDS: off

CodeHeap 'non-profiled nmethods': size=238912Kb used=5843Kb max_used=5843Kb free=233068Kb
 bounds [0x000002209b430000, 0x000002209b9f0000, 0x00000220a9d80000]
CodeHeap 'non-nmethods': size=6848Kb used=1223Kb max_used=1223Kb free=5624Kb
 bounds [0x000002209ad80000, 0x000002209aff0000, 0x000002209b430000]
 total_blobs=4249 nmethods=3744 adapters=432
 compilation: enabled
              stopped_count=0, restarted_count=0
 full_count=0

Compilation events (20 events):
Event: 7.630 Thread 0x00000220b0dd4800 3737       1       java.util.WeakHashMap::isEmpty (13 bytes)
Event: 7.630 Thread 0x00000220b0dd4800 nmethod 3737 0x000002209b9e2a90 code [0x000002209b9e2c40, 0x000002209b9e2d48]
Event: 7.630 Thread 0x00000220b0dd4800 3725       1       java.util.zip.ZipFile::<init> (10 bytes)
Event: 7.630 Thread 0x00000220b0dd4800 nmethod 3725 0x000002209b9e2e10 code [0x000002209b9e2fc0, 0x000002209b9e30a8]
Event: 7.630 Thread 0x00000220b0dd4800 3727       1       java.util.zip.ZipCoder::get (20 bytes)
Event: 7.631 Thread 0x00000220b0dd4800 nmethod 3727 0x000002209b9e3110 code [0x000002209b9e32c0, 0x000002209b9e3438]
Event: 7.631 Thread 0x00000220b0dd4800 3738       1       java.util.jar.Attributes::<init> (17 bytes)
Event: 7.631 Thread 0x00000220b0dd4800 nmethod 3738 0x000002209b9e3510 code [0x000002209b9e36e0, 0x000002209b9e3888]
Event: 7.653 Thread 0x00000220b0dd4800 3739       1       java.io.Bits::putLong (86 bytes)
Event: 7.653 Thread 0x00000220b0dd4800 nmethod 3739 0x000002209b9e3990 code [0x000002209b9e3b40, 0x000002209b9e3d58]
Event: 7.654 Thread 0x00000220b0dd4800 3740       1       java.io.ObjectInputStream$PeekInputStream::getBytesRead (5 bytes)
Event: 7.655 Thread 0x00000220b0dd4800 nmethod 3740 0x000002209b9e3e90 code [0x000002209b9e4040, 0x000002209b9e40f8]
Event: 7.655 Thread 0x00000220b0dd4800 3741       1       jdk.internal.event.DeserializationEvent::shouldCommit (2 bytes)
Event: 7.655 Thread 0x00000220b0dd4800 nmethod 3741 0x000002209b9e4190 code [0x000002209b9e4340, 0x000002209b9e43f8]
Event: 7.656 Thread 0x00000220b0dd4800 3742       1       java.io.ObjectInputStream::readLong (8 bytes)
Event: 7.657 Thread 0x00000220b0dd4800 nmethod 3742 0x000002209b9e4490 code [0x000002209b9e4640, 0x000002209b9e4728]
Event: 7.657 Thread 0x00000220b0dd4800 3743       1       java.io.ObjectInputStream$BlockDataInputStream::readLong (76 bytes)
Event: 7.657 Thread 0x00000220b0dd4800 nmethod 3743 0x000002209b9e4810 code [0x000002209b9e49e0, 0x000002209b9e4b68]
Event: 7.669 Thread 0x00000220b0dd4800 3744       1       java.util.logging.LogManager$LoggerContext::getGlobalLogger (6 bytes)
Event: 7.670 Thread 0x00000220b0dd4800 nmethod 3744 0x000002209b9e4c90 code [0x000002209b9e4e40, 0x000002209b9e4ef8]

GC Heap History (18 events):
Event: 1.897 GC heap before
{Heap before GC invocations=0 (full 0):
 garbage-first heap   total 131072K, used 14336K [0x0000000081800000, 0x0000000100000000)
  region size 1024K, 14 young (14336K), 0 survivors (0K)
 Metaspace       used 11832K, capacity 12074K, committed 12416K, reserved 1060864K
  class space    used 1202K, capacity 1302K, committed 1408K, reserved 1048576K
}
Event: 1.908 GC heap after
{Heap after GC invocations=1 (full 0):
 garbage-first heap   total 131072K, used 7255K [0x0000000081800000, 0x0000000100000000)
  region size 1024K, 2 young (2048K), 2 survivors (2048K)
 Metaspace       used 11832K, capacity 12074K, committed 12416K, reserved 1060864K
  class space    used 1202K, capacity 1302K, committed 1408K, reserved 1048576K
}
Event: 2.098 GC heap before
{Heap before GC invocations=1 (full 0):
 garbage-first heap   total 131072K, used 11351K [0x0000000081800000, 0x0000000100000000)
  region size 1024K, 6 young (6144K), 2 survivors (2048K)
 Metaspace       used 13714K, capacity 14031K, committed 14080K, reserved 1062912K
  class space    used 1378K, capacity 1505K, committed 1536K, reserved 1048576K
}
Event: 2.105 GC heap after
{Heap after GC invocations=2 (full 0):
 garbage-first heap   total 131072K, used 8527K [0x0000000081800000, 0x0000000100000000)
  region size 1024K, 1 young (1024K), 1 survivors (1024K)
 Metaspace       used 13714K, capacity 14031K, committed 14080K, reserved 1062912K
  class space    used 1378K, capacity 1505K, committed 1536K, reserved 1048576K
}
Event: 2.567 GC heap before
{Heap before GC invocations=2 (full 0):
 garbage-first heap   total 131072K, used 25935K [0x0000000081800000, 0x0000000100000000)
  region size 1024K, 18 young (18432K), 1 survivors (1024K)
 Metaspace       used 16138K, capacity 16585K, committed 16768K, reserved 1064960K
  class space    used 1711K, capacity 1904K, committed 1920K, reserved 1048576K
}
Event: 2.573 GC heap after
{Heap after GC invocations=3 (full 0):
 garbage-first heap   total 131072K, used 9352K [0x0000000081800000, 0x0000000100000000)
  region size 1024K, 2 young (2048K), 2 survivors (2048K)
 Metaspace       used 16138K, capacity 16585K, committed 16768K, reserved 1064960K
  class space    used 1711K, capacity 1904K, committed 1920K, reserved 1048576K
}
Event: 3.295 GC heap before
{Heap before GC invocations=3 (full 0):
 garbage-first heap   total 131072K, used 34952K [0x0000000081800000, 0x0000000100000000)
  region size 1024K, 28 young (28672K), 2 survivors (2048K)
 Metaspace       used 19568K, capacity 20241K, committed 20480K, reserved 1067008K
  class space    used 2233K, capacity 2520K, committed 2560K, reserved 1048576K
}
Event: 3.303 GC heap after
{Heap after GC invocations=4 (full 0):
 garbage-first heap   total 131072K, used 10476K [0x0000000081800000, 0x0000000100000000)
  region size 1024K, 3 young (3072K), 3 survivors (3072K)
 Metaspace       used 19568K, capacity 20241K, committed 20480K, reserved 1067008K
  class space    used 2233K, capacity 2520K, committed 2560K, reserved 1048576K
}
Event: 3.395 GC heap before
{Heap before GC invocations=4 (full 0):
 garbage-first heap   total 131072K, used 14572K [0x0000000081800000, 0x0000000100000000)
  region size 1024K, 8 young (8192K), 3 survivors (3072K)
 Metaspace       used 20536K, capacity 21179K, committed 21296K, reserved 1069056K
  class space    used 2351K, capacity 2644K, committed 2688K, reserved 1048576K
}
Event: 3.405 GC heap after
{Heap after GC invocations=5 (full 0):
 garbage-first heap   total 131072K, used 10830K [0x0000000081800000, 0x0000000100000000)
  region size 1024K, 4 young (4096K), 4 survivors (4096K)
 Metaspace       used 20536K, capacity 21179K, committed 21296K, reserved 1069056K
  class space    used 2351K, capacity 2644K, committed 2688K, reserved 1048576K
}
Event: 4.062 GC heap before
{Heap before GC invocations=6 (full 0):
 garbage-first heap   total 131072K, used 49742K [0x0000000081800000, 0x0000000100000000)
  region size 1024K, 43 young (44032K), 4 survivors (4096K)
 Metaspace       used 25856K, capacity 26717K, committed 26800K, reserved 1073152K
  class space    used 3167K, capacity 3510K, committed 3584K, reserved 1048576K
}
Event: 4.075 GC heap after
{Heap after GC invocations=7 (full 0):
 garbage-first heap   total 157696K, used 12332K [0x0000000081800000, 0x0000000100000000)
  region size 1024K, 5 young (5120K), 5 survivors (5120K)
 Metaspace       used 25856K, capacity 26717K, committed 26800K, reserved 1073152K
  class space    used 3167K, capacity 3510K, committed 3584K, reserved 1048576K
}
Event: 5.983 GC heap before
{Heap before GC invocations=7 (full 0):
 garbage-first heap   total 157696K, used 101420K [0x0000000081800000, 0x0000000100000000)
  region size 1024K, 92 young (94208K), 5 survivors (5120K)
 Metaspace       used 31499K, capacity 32524K, committed 32816K, reserved 1077248K
  class space    used 3924K, capacity 4361K, committed 4480K, reserved 1048576K
}
Event: 6.000 GC heap after
{Heap after GC invocations=8 (full 0):
 garbage-first heap   total 157696K, used 15086K [0x0000000081800000, 0x0000000100000000)
  region size 1024K, 8 young (8192K), 8 survivors (8192K)
 Metaspace       used 31499K, capacity 32524K, committed 32816K, reserved 1077248K
  class space    used 3924K, capacity 4361K, committed 4480K, reserved 1048576K
}
Event: 6.997 GC heap before
{Heap before GC invocations=8 (full 0):
 garbage-first heap   total 157696K, used 50926K [0x0000000081800000, 0x0000000100000000)
  region size 1024K, 44 young (45056K), 8 survivors (8192K)
 Metaspace       used 34742K, capacity 35866K, committed 35920K, reserved 1081344K
  class space    used 4396K, capacity 4847K, committed 4864K, reserved 1048576K
}
Event: 7.032 GC heap after
{Heap after GC invocations=9 (full 0):
 garbage-first heap   total 157696K, used 17013K [0x0000000081800000, 0x0000000100000000)
  region size 1024K, 8 young (8192K), 8 survivors (8192K)
 Metaspace       used 34742K, capacity 35866K, committed 35920K, reserved 1081344K
  class space    used 4396K, capacity 4847K, committed 4864K, reserved 1048576K
}
Event: 7.682 GC heap before
{Heap before GC invocations=10 (full 0):
 garbage-first heap   total 157696K, used 38517K [0x0000000081800000, 0x0000000100000000)
  region size 1024K, 30 young (30720K), 8 survivors (8192K)
 Metaspace       used 37001K, capacity 38299K, committed 38428K, reserved 1089536K
  class space    used 4683K, capacity 5235K, committed 5324K, reserved 1048576K
}
Event: 7.709 GC heap after
{Heap after GC invocations=11 (full 0):
 garbage-first heap   total 157696K, used 18546K [0x0000000081800000, 0x0000000100000000)
  region size 1024K, 8 young (8192K), 8 survivors (8192K)
 Metaspace       used 37001K, capacity 38299K, committed 38428K, reserved 1089536K
  class space    used 4683K, capacity 5235K, committed 5324K, reserved 1048576K
}

Deoptimization events (2 events):
Event: 5.772 Thread 0x00000220b2de0000 DEOPT PACKING pc=0x000002209b72ebe4 sp=0x0000004a801fcc30
Event: 5.772 Thread 0x00000220b2de0000 DEOPT UNPACKING pc=0x000002209adca95e sp=0x0000004a801fc198 mode 0

Classes redefined (0 events):
No events

Internal exceptions (20 events):
Event: 6.697 Thread 0x00000220b2de0000 Exception <a 'java/lang/ClassNotFoundException'{0x00000000898c4590}: org/springframework/beans/factory/config/BeanPostProcessorCustomizer> (0x00000000898c4590) thrown at [s\src\hotspot\share\classfile\systemDictionary.cpp, line 230]
Event: 6.698 Thread 0x00000220b2de0000 Exception <a 'java/lang/ClassNotFoundException'{0x00000000898da398}: org/springframework/beans/factory/BeanFactoryAwareCustomizer> (0x00000000898da398) thrown at [s\src\hotspot\share\classfile\systemDictionary.cpp, line 230]
Event: 6.699 Thread 0x00000220b2de0000 Exception <a 'java/lang/ClassNotFoundException'{0x00000000898ee3c8}: org/springframework/beans/factory/AwareCustomizer> (0x00000000898ee3c8) thrown at [s\src\hotspot\share\classfile\systemDictionary.cpp, line 230]
Event: 6.701 Thread 0x00000220b2de0000 Exception <a 'java/lang/ClassNotFoundException'{0x00000000898ffd78}: org/springframework/core/OrderedCustomizer> (0x00000000898ffd78) thrown at [s\src\hotspot\share\classfile\systemDictionary.cpp, line 230]
Event: 6.702 Thread 0x00000220b2de0000 Exception <a 'java/lang/ClassNotFoundException'{0x0000000089715cd8}: org/springframework/beans/factory/BeanClassLoaderAwareCustomizer> (0x0000000089715cd8) thrown at [s\src\hotspot\share\classfile\systemDictionary.cpp, line 230]
Event: 6.703 Thread 0x00000220b2de0000 Exception <a 'java/lang/ClassNotFoundException'{0x00000000897293d8}: org/springframework/beans/factory/AwareCustomizer> (0x00000000897293d8) thrown at [s\src\hotspot\share\classfile\systemDictionary.cpp, line 230]
Event: 6.704 Thread 0x00000220b2de0000 Exception <a 'java/lang/ClassNotFoundException'{0x000000008973e380}: org/springframework/aop/framework/AopInfrastructureBeanCustomizer> (0x000000008973e380) thrown at [s\src\hotspot\share\classfile\systemDictionary.cpp, line 230]
Event: 6.745 Thread 0x00000220b2de0000 Exception <a 'java/lang/ClassNotFoundException'{0x000000008962b038}: java/lang/ObjectCustomizer> (0x000000008962b038) thrown at [s\src\hotspot\share\classfile\systemDictionary.cpp, line 230]
Event: 6.747 Thread 0x00000220b2de0000 Exception <a 'java/lang/ClassNotFoundException'{0x0000000089648af0}: org/springframework/transaction/annotation/AbstractTransactionManagementConfigurationCustomizer> (0x0000000089648af0) thrown at [s\src\hotspot\share\classfile\systemDictionary.cpp, line 230]
Event: 6.749 Thread 0x00000220b2de0000 Exception <a 'java/lang/ClassNotFoundException'{0x0000000089664c68}: org/springframework/transaction/annotation/ProxyTransactionManagementConfigurationCustomizer> (0x0000000089664c68) thrown at [s\src\hotspot\share\classfile\systemDictionary.cpp, line 230]
Event: 6.751 Thread 0x00000220b2de0000 Exception <a 'java/lang/ClassNotFoundException'{0x000000008967dc40}: org/springframework/context/annotation/ImportAwareCustomizer> (0x000000008967dc40) thrown at [s\src\hotspot\share\classfile\systemDictionary.cpp, line 230]
Event: 6.752 Thread 0x00000220b2de0000 Exception <a 'java/lang/ClassNotFoundException'{0x00000000896921c8}: org/springframework/beans/factory/AwareCustomizer> (0x00000000896921c8) thrown at [s\src\hotspot\share\classfile\systemDictionary.cpp, line 230]
Event: 7.131 Thread 0x00000220b2de0000 Exception <a 'java/lang/NoSuchMethodError'{0x000000008afb09b8}: 'void java.lang.invoke.DirectMethodHandle$Holder.invokeInterface(java.lang.Object, java.lang.Object, int)'> (0x000000008afb09b8) thrown at [s\src\hotspot\share\interpreter\linkResolver.cpp, line 773]
Event: 7.143 Thread 0x00000220b2de0000 Exception <a 'java/lang/IncompatibleClassChangeError'{0x000000008ae01b88}: Found class java.lang.Object, but interface was expected> (0x000000008ae01b88) thrown at [s\src\hotspot\share\interpreter\linkResolver.cpp, line 839]
Event: 7.144 Thread 0x00000220b2de0000 Exception <a 'java/lang/NoSuchMethodError'{0x000000008ae06a60}: 'void java.lang.invoke.DirectMethodHandle$Holder.invokeStatic(java.lang.Object, int, java.lang.Object)'> (0x000000008ae06a60) thrown at [s\src\hotspot\share\interpreter\linkResolver.cpp, line 773]
Event: 7.148 Thread 0x00000220b22e8000 Exception <a 'java/lang/reflect/InvocationTargetException'{0x000000008ae89d38}> (0x000000008ae89d38) thrown at [s\src\hotspot\share\runtime\reflection.cpp, line 1245]
Event: 7.636 Thread 0x00000220b2de0000 Exception <a 'sun/nio/fs/WindowsException'{0x0000000089d5c948}> (0x0000000089d5c948) thrown at [s\src\hotspot\share\prims\jni.cpp, line 617]
Event: 7.638 Thread 0x00000220b2de0000 Exception <a 'sun/nio/fs/WindowsException'{0x0000000089d62758}> (0x0000000089d62758) thrown at [s\src\hotspot\share\prims\jni.cpp, line 617]
Event: 7.639 Thread 0x00000220b2de0000 Exception <a 'sun/nio/fs/WindowsException'{0x0000000089d62e30}> (0x0000000089d62e30) thrown at [s\src\hotspot\share\prims\jni.cpp, line 617]
Event: 7.657 Thread 0x00000220b22e8000 Exception <a 'java/lang/reflect/InvocationTargetException'{0x0000000089c81bc8}> (0x0000000089c81bc8) thrown at [s\src\hotspot\share\runtime\reflection.cpp, line 1245]

Events (20 events):
Event: 7.660 loading class org/apache/tomcat/util/threads/ScheduledThreadPoolExecutor done
Event: 7.662 loading class java/util/logging/LogRecord
Event: 7.662 loading class java/util/logging/LogRecord done
Event: 7.664 loading class org/apache/tomcat/util/threads/InlineExecutorService
Event: 7.664 loading class org/apache/tomcat/util/threads/InlineExecutorService done
Event: 7.665 loading class org/apache/catalina/realm/X509SubjectDnRetriever
Event: 7.665 loading class org/apache/catalina/realm/X509SubjectDnRetriever done
Event: 7.665 loading class org/apache/catalina/realm/X509UsernameRetriever
Event: 7.665 loading class org/apache/catalina/realm/X509UsernameRetriever done
Event: 7.667 loading class org/apache/catalina/core/ContainerBase$StartChild
Event: 7.667 loading class org/apache/catalina/core/ContainerBase$StartChild done
Event: 7.668 loading class org/apache/catalina/valves/ErrorReportValve
Event: 7.668 loading class org/apache/catalina/valves/ErrorReportValve done
Event: 7.670 loading class org/apache/catalina/util/ContextName
Event: 7.670 loading class org/apache/catalina/util/ContextName done
Event: 7.678 loading class org/apache/catalina/core/ApplicationContext
Event: 7.678 loading class org/apache/catalina/core/ApplicationContext done
Event: 7.680 loading class org/apache/catalina/core/ApplicationContextFacade
Event: 7.680 loading class org/apache/catalina/core/ApplicationContextFacade done
Event: 7.681 Executing VM operation: CollectForMetadataAllocation


Dynamic libraries:
0x00007ff733e20000 - 0x00007ff733e2d000 	C:\Users\Admin\.jdks\corretto-11.0.20.1\bin\java.exe
0x00007ff869210000 - 0x00007ff869408000 	C:\WINDOWS\SYSTEM32\ntdll.dll
0x00007ff867800000 - 0x00007ff8678bd000 	C:\WINDOWS\System32\KERNEL32.DLL
0x00007ff866990000 - 0x00007ff866c86000 	C:\WINDOWS\System32\KERNELBASE.dll
0x00007ff866fe0000 - 0x00007ff8670e0000 	C:\WINDOWS\System32\ucrtbase.dll
0x00007ff860d40000 - 0x00007ff860d59000 	C:\Users\Admin\.jdks\corretto-11.0.20.1\bin\VCRUNTIME140.dll
0x00007ff860d60000 - 0x00007ff860d77000 	C:\Users\Admin\.jdks\corretto-11.0.20.1\bin\jli.dll
0x00007ff8686a0000 - 0x00007ff86883e000 	C:\WINDOWS\System32\USER32.dll
0x00007ff85a550000 - 0x00007ff85a7ea000 	C:\WINDOWS\WinSxS\amd64_microsoft.windows.common-controls_6595b64144ccf1df_6.0.19041.1110_none_60b5254171f9507e\COMCTL32.dll
0x00007ff866e00000 - 0x00007ff866e22000 	C:\WINDOWS\System32\win32u.dll
0x00007ff867bc0000 - 0x00007ff867c5e000 	C:\WINDOWS\System32\msvcrt.dll
0x00007ff869040000 - 0x00007ff86906c000 	C:\WINDOWS\System32\GDI32.dll
0x00007ff867150000 - 0x00007ff86726a000 	C:\WINDOWS\System32\gdi32full.dll
0x00007ff8668f0000 - 0x00007ff86698d000 	C:\WINDOWS\System32\msvcp_win.dll
0x00007ff867d10000 - 0x00007ff867d40000 	C:\WINDOWS\System32\IMM32.DLL
0x00007ff860ca0000 - 0x00007ff860d3b000 	C:\Users\Admin\.jdks\corretto-11.0.20.1\bin\msvcp140.dll
0x00007ff825ad0000 - 0x00007ff82665b000 	C:\Users\Admin\.jdks\corretto-11.0.20.1\bin\server\jvm.dll
0x00007ff867270000 - 0x00007ff86731e000 	C:\WINDOWS\System32\ADVAPI32.dll
0x00007ff8690d0000 - 0x00007ff86916c000 	C:\WINDOWS\System32\sechost.dll
0x00007ff867320000 - 0x00007ff867446000 	C:\WINDOWS\System32\RPCRT4.dll
0x00007ff8678c0000 - 0x00007ff8678c8000 	C:\WINDOWS\System32\PSAPI.DLL
0x00007ff857b20000 - 0x00007ff857b29000 	C:\WINDOWS\SYSTEM32\WSOCK32.dll
0x00007ff867df0000 - 0x00007ff867e5b000 	C:\WINDOWS\System32\WS2_32.dll
0x00007ff85b4c0000 - 0x00007ff85b4e7000 	C:\WINDOWS\SYSTEM32\WINMM.dll
0x00007ff859c80000 - 0x00007ff859c8a000 	C:\WINDOWS\SYSTEM32\VERSION.dll
0x00007ff864780000 - 0x00007ff864792000 	C:\WINDOWS\SYSTEM32\kernel.appcore.dll
0x00007ff860c90000 - 0x00007ff860ca0000 	C:\Users\Admin\.jdks\corretto-11.0.20.1\bin\verify.dll
0x00007ff8499d0000 - 0x00007ff849bb4000 	C:\WINDOWS\SYSTEM32\DBGHELP.DLL
0x00007ff849970000 - 0x00007ff8499a4000 	C:\WINDOWS\SYSTEM32\dbgcore.DLL
0x00007ff866d70000 - 0x00007ff866df2000 	C:\WINDOWS\System32\bcryptPrimitives.dll
0x00007ff85ee10000 - 0x00007ff85ee38000 	C:\Users\Admin\.jdks\corretto-11.0.20.1\bin\java.dll
0x00007ff85ee00000 - 0x00007ff85ee0a000 	C:\Users\Admin\.jdks\corretto-11.0.20.1\bin\jimage.dll
0x00007ff84f980000 - 0x00007ff84f98e000 	C:\Users\Admin\.jdks\corretto-11.0.20.1\bin\instrument.dll
0x00007ff85b1c0000 - 0x00007ff85b1d8000 	C:\Users\Admin\.jdks\corretto-11.0.20.1\bin\zip.dll
0x00007ff868840000 - 0x00007ff868f85000 	C:\WINDOWS\System32\SHELL32.dll
0x00007ff864980000 - 0x00007ff86511b000 	C:\WINDOWS\SYSTEM32\windows.storage.dll
0x00007ff867e70000 - 0x00007ff8681c4000 	C:\WINDOWS\System32\combase.dll
0x00007ff866260000 - 0x00007ff86628e000 	C:\WINDOWS\SYSTEM32\Wldp.dll
0x00007ff868f90000 - 0x00007ff86903d000 	C:\WINDOWS\System32\SHCORE.dll
0x00007ff8681d0000 - 0x00007ff868225000 	C:\WINDOWS\System32\shlwapi.dll
0x00007ff866820000 - 0x00007ff866845000 	C:\WINDOWS\SYSTEM32\profapi.dll
0x00007ff85b1a0000 - 0x00007ff85b1b9000 	C:\Users\Admin\.jdks\corretto-11.0.20.1\bin\net.dll
0x00007ff85b8f0000 - 0x00007ff85b9fa000 	C:\WINDOWS\SYSTEM32\WINHTTP.dll
0x00007ff865fc0000 - 0x00007ff86602a000 	C:\WINDOWS\system32\mswsock.dll
0x00007ff85b180000 - 0x00007ff85b193000 	C:\Users\Admin\.jdks\corretto-11.0.20.1\bin\nio.dll
0x00007ff84d0c0000 - 0x00007ff84d0da000 	C:\Program Files\JetBrains\IntelliJ IDEA 2023.2\bin\breakgen64.dll
0x00007ff865cf0000 - 0x00007ff865dba000 	C:\WINDOWS\SYSTEM32\DNSAPI.dll
0x00007ff865cb0000 - 0x00007ff865ceb000 	C:\WINDOWS\SYSTEM32\IPHLPAPI.DLL
0x00007ff867e60000 - 0x00007ff867e68000 	C:\WINDOWS\System32\NSI.dll
0x00007ff85ada0000 - 0x00007ff85adaa000 	C:\Windows\System32\rasadhlp.dll
0x00007ff85abf0000 - 0x00007ff85ac72000 	C:\WINDOWS\System32\fwpuclnt.dll
0x00007ff866c90000 - 0x00007ff866cb7000 	C:\WINDOWS\System32\bcrypt.dll
0x00007ff85efd0000 - 0x00007ff85efd9000 	C:\Users\Admin\.jdks\corretto-11.0.20.1\bin\management.dll
0x00007ff85efc0000 - 0x00007ff85efcb000 	C:\Users\Admin\.jdks\corretto-11.0.20.1\bin\management_ext.dll
0x00007ff8661c0000 - 0x00007ff8661d8000 	C:\WINDOWS\SYSTEM32\CRYPTSP.dll
0x00007ff8658d0000 - 0x00007ff865904000 	C:\WINDOWS\system32\rsaenh.dll
0x00007ff8667e0000 - 0x00007ff86680e000 	C:\WINDOWS\SYSTEM32\USERENV.dll
0x00007ff8661b0000 - 0x00007ff8661bc000 	C:\WINDOWS\SYSTEM32\CRYPTBASE.dll
0x00007ff85bbf0000 - 0x00007ff85bc07000 	C:\WINDOWS\SYSTEM32\dhcpcsvc6.DLL
0x00007ff85d740000 - 0x00007ff85d75d000 	C:\WINDOWS\SYSTEM32\dhcpcsvc.DLL
0x00007ff82e610000 - 0x00007ff82e627000 	C:\WINDOWS\system32\napinsp.dll
0x00007ff82e5f0000 - 0x00007ff82e60b000 	C:\WINDOWS\system32\pnrpnsp.dll
0x00007ff862290000 - 0x00007ff8622ad000 	C:\WINDOWS\system32\NLAapi.dll
0x00007ff861230000 - 0x00007ff861245000 	C:\WINDOWS\system32\wshbth.dll
0x00007ff82e130000 - 0x00007ff82e142000 	C:\WINDOWS\System32\winrnr.dll
0x00007ff84ad40000 - 0x00007ff84ad65000 	C:\Users\Admin\.jdks\corretto-11.0.20.1\bin\sunec.dll
0x00007ff84f970000 - 0x00007ff84f97e000 	C:\Users\Admin\.jdks\corretto-11.0.20.1\bin\sunmscapi.dll
0x00007ff866e80000 - 0x00007ff866fde000 	C:\WINDOWS\System32\CRYPT32.dll
0x00007ff8662d0000 - 0x00007ff8662f8000 	C:\WINDOWS\SYSTEM32\ncrypt.dll
0x00007ff866290000 - 0x00007ff8662cb000 	C:\WINDOWS\SYSTEM32\NTASN1.dll

dbghelp: loaded successfully - version: 4.0.5 - missing functions: none
symbol engine: initialized successfully - sym options: 0x614 - pdb path: .;C:\Users\Admin\.jdks\corretto-11.0.20.1\bin;C:\WINDOWS\SYSTEM32;C:\WINDOWS\WinSxS\amd64_microsoft.windows.common-controls_6595b64144ccf1df_6.0.19041.1110_none_60b5254171f9507e;C:\Users\Admin\.jdks\corretto-11.0.20.1\bin\server;C:\Program Files\JetBrains\IntelliJ IDEA 2023.2\bin

VM Arguments:
jvm_args: -XX:TieredStopAtLevel=1 -Xverify:none -Dspring.output.ansi.enabled=always -Dcom.sun.management.jmxremote -Dspring.jmx.enabled=true -Dspring.liveBeansView.mbeanDomain -Dspring.application.admin.enabled=true -Dmanagement.endpoints.jmx.exposure.include=* -javaagent:C:\Program Files\JetBrains\IntelliJ IDEA 2023.2\lib\idea_rt.jar=56829:C:\Program Files\JetBrains\IntelliJ IDEA 2023.2\bin -Dfile.encoding=UTF-8 
java_command: com.fa.training.SpringBootJpaSecurityApplication
java_class_path (initial): E:\Workspace\Spring Boot\program\JSFW.L.A102\target\classes;C:\Users\Admin\.m2\repository\commons-beanutils\commons-beanutils\1.9.4\commons-beanutils-1.9.4.jar;C:\Users\Admin\.m2\repository\commons-logging\commons-logging\1.2\commons-logging-1.2.jar;C:\Users\Admin\.m2\repository\commons-collections\commons-collections\3.2.2\commons-collections-3.2.2.jar;C:\Users\Admin\.m2\repository\org\springframework\boot\spring-boot-starter-validation\3.1.0\spring-boot-starter-validation-3.1.0.jar;C:\Users\Admin\.m2\repository\org\springframework\boot\spring-boot-starter\2.7.15\spring-boot-starter-2.7.15.jar;C:\Users\Admin\.m2\repository\org\springframework\boot\spring-boot-starter-logging\2.7.15\spring-boot-starter-logging-2.7.15.jar;C:\Users\Admin\.m2\repository\ch\qos\logback\logback-classic\1.2.12\logback-classic-1.2.12.jar;C:\Users\Admin\.m2\repository\ch\qos\logback\logback-core\1.2.12\logback-core-1.2.12.jar;C:\Users\Admin\.m2\repository\org\apache\logging\log4j\log4j-to-slf4j\2.17.2\log4j-to-slf4j-2.17.2.jar;C:\Users\Admin\.m2\repository\org\apache\logging\log4j\log4j-api\2.17.2\log4j-api-2.17.2.jar;C:\Users\Admin\.m2\repository\org\slf4j\jul-to-slf4j\1.7.36\jul-to-slf4j-1.7.36.jar;C:\Users\Admin\.m2\repository\jakarta\annotation\jakarta.annotation-api\1.3.5\jakarta.annotation-api-1.3.5.jar;C:\Users\Admin\.m2\repository\org\yaml\snakeyaml\1.30\snakeyaml-1.30.jar;C:\Users\Admin\.m2\repository\org\apache\tomcat\embed\tomcat-embed-el\9.0.79\tomcat-embed-el-9.0.79.jar;C:\Users\Admin\.m2\repository\org\hibernate\validator\hibernate-validator\6.2.5.Final\hibernate-validator-6.2.5.Final.jar;C:\Users\Admin\.m2\repository\jakarta\validation\jakarta.validation-api\2.0.2\jakarta.validation-api-2.0.2.jar;C:\Users\Admin\.m2\repository\org\jboss\logging\jboss-logging\3.4.3.Final\jboss-logging-3.4.3.Final.jar;C:\Users\Admin\.m2\repository\com\fasterxml\classmate\1.5.1\classmate-1.5.1.jar;C:\Users\Admin\.m2\repository\org\springframework\boot\spring-boot-star
Launcher Type: SUN_STANDARD

[Global flags]
     bool BytecodeVerificationLocal                = false                                     {product} {command line}
     bool BytecodeVerificationRemote               = false                                     {product} {command line}
     intx CICompilerCount                          = 3                                         {product} {ergonomic}
     uint ConcGCThreads                            = 1                                         {product} {ergonomic}
     uint G1ConcRefinementThreads                  = 4                                         {product} {ergonomic}
   size_t G1HeapRegionSize                         = 1048576                                   {product} {ergonomic}
    uintx GCDrainStackTargetSize                   = 64                                        {product} {ergonomic}
   size_t InitialHeapSize                          = 134217728                                 {product} {ergonomic}
     bool ManagementServer                         = true                                      {product} {command line}
   size_t MarkStackSize                            = 4194304                                   {product} {ergonomic}
   size_t MaxHeapSize                              = 2122317824                                {product} {ergonomic}
   size_t MaxNewSize                               = 1272971264                                {product} {ergonomic}
   size_t MinHeapDeltaBytes                        = 1048576                                   {product} {ergonomic}
    uintx NonNMethodCodeHeapSize                   = 6973028                                {pd product} {ergonomic}
    uintx NonProfiledCodeHeapSize                  = 244685212                              {pd product} {ergonomic}
    uintx ProfiledCodeHeapSize                     = 0                                      {pd product} {ergonomic}
    uintx ReservedCodeCacheSize                    = 251658240                              {pd product} {ergonomic}
     bool SegmentedCodeCache                       = true                                      {product} {ergonomic}
     intx TieredStopAtLevel                        = 1                                         {product} {command line}
     bool UseCompressedClassPointers               = true                                 {lp64_product} {ergonomic}
     bool UseCompressedOops                        = true                                 {lp64_product} {ergonomic}
     bool UseG1GC                                  = true                                      {product} {ergonomic}
     bool UseLargePagesIndividualAllocation        = false                                  {pd product} {ergonomic}

Logging:
Log output configuration:
 #0: stdout all=warning uptime,level,tags
 #1: stderr all=off uptime,level,tags

Environment Variables:
PATH=C:\Program Files\Microsoft MPI\Bin\;C:\Program Files (x86)\Common Files\Oracle\Java\javapath;C:\Program Files (x86)\Siemens\Automation\SCADA-RT_V11\WinCC\Bin;C:\Program Files (x86)\Common Files\Siemens\Bin;C:\Program Files (x86)\Common Files\Siemens\CommonArchiving;C:\Program Files (x86)\Common Files\Siemens\ACE\Bin;C:\Program Files\Common Files\Siemens\Automation\Simatic OAM\bin;C:\WINDOWS\system32;C:\WINDOWS;C:\WINDOWS\System32\Wbem;C:\WINDOWS\System32\WindowsPowerShell\v1.0\;C:\WINDOWS\System32\OpenSSH\;C:\Program Files\dotnet\;C:\Program Files (x86)\Microsoft SQL Server\Client SDK\ODBC\110\Tools\Binn\;C:\Program Files (x86)\Microsoft SQL Server\120\Tools\Binn\;C:\Program Files (x86)\Microsoft SQL Server\120\DTS\Binn\;C:\MinGW\bin;C:\Program Files\Microsoft SQL Server\Client SDK\ODBC\170\Tools\Binn\;C:\Program Files\Azure Data Studio\bin;C:\Program Files\Git\cmd;C:\Program Files\apache-maven-3.9.2\bin;C:\Program Files\Eclipse Adoptium\jdk-17.0.6.10-hotspot;C:\Users\Admin\AppData\Local\Microsoft\WindowsApps;C:\Users\Admin\AppData\Local\Programs\Microsoft VS Code\bin;C:\Users\Admin\AppData\Roaming\Microsoft\Windows\Start Menu\Programs\Python 3.11;C:\Program Files\Azure Data Studio\bin;C:\Program Files\JetBrains\IntelliJ IDEA Community Edition 2023.1.1\bin;;C:\Program Files\apache-maven-3.9.2\bin;;C:\Program Files\JetBrains\IntelliJ IDEA 2023.2\bin;
USERNAME=Admin
OS=Windows_NT
PROCESSOR_IDENTIFIER=Intel64 Family 6 Model 58 Stepping 9, GenuineIntel
TMP=C:\Users\Admin\AppData\Local\Temp
TEMP=C:\Users\Admin\AppData\Local\Temp



---------------  S Y S T E M  ---------------

OS: Windows 10 , 64 bit Build 19041 (10.0.19041.3393)
OS uptime: 1 days 0:05 hours

CPU:total 4 (initial active 4) (2 cores per cpu, 2 threads per core) family 6 model 58 stepping 9 microcode 0x21, cmov, cx8, fxsr, mmx, sse, sse2, sse3, ssse3, sse4.1, sse4.2, popcnt, avx, clmul, erms, ht, tsc, tscinvbit, tscinv

Memory: 4k page, system-wide physical 8089M (864M free)
TotalPageFile size 8089M (AvailPageFile size 5M)
current process WorkingSet (physical memory assigned to process): 200M, peak: 200M
current process commit charge ("private bytes"): 280M, peak: 281M

vm_info: OpenJDK 64-Bit Server VM (11.0.20.1+9-LTS) for windows-amd64 JRE (11.0.20.1+9-LTS), built on Aug 19 2023 03:46:24 by "Administrator" with MS VC++ 15.9 (VS2017)

END.
